\BOOKMARK [0][-]{chapter.1}{\376\377\000I\000n\000t\000r\000o\000d\000u\000c\000t\000i\000o\000n}{}% 1
\BOOKMARK [1][-]{section.1.1}{\376\377\000T\000h\000e\000\040\000G\000a\000u\000s\000s\000i\000a\000n\000\040\000m\000i\000x\000t\000u\000r\000e\000\040\000m\000o\000d\000e\000l}{chapter.1}% 2
\BOOKMARK [1][-]{section.1.2}{\376\377\000E\000M\000\040\000A\000l\000g\000o\000r\000i\000t\000h\000m}{chapter.1}% 3
\BOOKMARK [0][-]{chapter.2}{\376\377\000G\000r\000a\000p\000h\000i\000c\000a\000l\000\040\000L\000a\000s\000s\000o\000\040\000f\000o\000r\000\040\000G\000a\000u\000s\000s\000i\000a\000n\000\040\000m\000i\000x\000t\000u\000r\000e\000s}{}% 4
\BOOKMARK [0][-]{chapter.3}{\376\377\000E\000s\000t\000i\000m\000a\000t\000i\000n\000g\000\040\000t\000h\000e\000\040\000n\000u\000m\000b\000e\000r\000\040\000o\000f\000\040\000c\000l\000u\000s\000t\000e\000r\000s}{}% 5
\BOOKMARK [0][-]{chapter.4}{\376\377\000A\000l\000g\000o\000r\000i\000t\000h\000m\000\040\0002}{}% 6
\BOOKMARK [0][-]{chapter.5}{\376\377\000s\000t\000r\000u\000c\000t\000u\000r\000a\000l\000\040\000a\000n\000a\000l\000y\000s\000i\000s\000\040\000o\000n\000\040\000b\000o\000l\000d\0000\000m\000u\000\040\000m\000u\000m\000u\000\040\000c\000h\000a\000p\000t\000e\000r\000\040\000a\000p\000p\000r\000o\000a\000c\000h}{}% 7
\BOOKMARK [1][-]{section.5.1}{\376\377\000G\000r\000a\000p\000h\000i\000c\000a\000l\000\040\000L\000a\000s\000s\000o}{chapter.5}% 8
\BOOKMARK [1][-]{section.5.2}{\376\377\000C\000o\000l\000u\000m\000n\000-\000W\000i\000s\000e\000\040\000L\000a\000s\000s\000o}{chapter.5}% 9
\BOOKMARK [2][-]{subsection.5.2.1}{\376\377\000T\000h\000e\000\040\000S\000q\000u\000a\000r\000e\000-\000R\000o\000o\000t\000\040\000L\000a\000s\000s\000o}{section.5.2}% 10
\BOOKMARK [0][-]{chapter.6}{\376\377\000O\000p\000t\000i\000m\000a\000l\000\040\000K\000u\000l\000l\000b\000a\000c\000k\000-\000L\000e\000i\000b\000l\000e\000r\000\040\000A\000g\000g\000r\000e\000g\000a\000t\000i\000o\000n\000\040\000i\000n\000\040\000M\000i\000x\000t\000u\000r\000e\000\040\000D\000e\000n\000s\000i\000t\000y\000\040\000E\000s\000t\000i\000m\000a\000t\000i\000o\000n\000\040\000b\000y\000\040\000M\000a\000x\000i\000m\000u\000m\000\040\000L\000i\000k\000e\000l\000i\000h\000o\000o\000d}{}% 11
\BOOKMARK [1][-]{section.6.1}{\376\377\000A\000b\000s\000t\000r\000a\000c\000t}{chapter.6}% 12
\BOOKMARK [1][-]{section.6.2}{\376\377\000I\000n\000t\000r\000o\000d\000u\000c\000t\000i\000o\000n}{chapter.6}% 13
\BOOKMARK [2][-]{subsection.6.2.1}{\376\377\000R\000e\000l\000a\000t\000e\000d\000\040\000w\000o\000r\000k}{section.6.2}% 14
\BOOKMARK [2][-]{subsection.6.2.2}{\376\377\000A\000d\000d\000i\000t\000i\000o\000n\000a\000l\000\040\000n\000o\000t\000a\000t\000i\000o\000n}{section.6.2}% 15
\BOOKMARK [2][-]{subsection.6.2.3}{\376\377\000A\000g\000e\000n\000d\000a}{section.6.2}% 16
\BOOKMARK [1][-]{section.6.3}{\376\377\000O\000r\000a\000c\000l\000e\000\040\000i\000n\000e\000q\000u\000a\000l\000i\000t\000i\000e\000s\000\040\000i\000n\000\040\000d\000e\000v\000i\000a\000t\000i\000o\000n\000\040\000a\000n\000d\000\040\000i\000n\000\040\000e\000x\000p\000e\000c\000t\000a\000t\000i\000o\000n}{chapter.6}% 17
\BOOKMARK [1][-]{section.6.4}{\376\377\000D\000i\000s\000c\000u\000s\000s\000i\000o\000n\000\040\000o\000f\000\040\000t\000h\000e\000\040\000c\000o\000n\000d\000i\000t\000i\000o\000n\000s\000\040\000a\000n\000d\000\040\000p\000o\000s\000s\000i\000b\000l\000e\000\040\000e\000x\000t\000e\000n\000s\000i\000o\000n\000s}{chapter.6}% 18
\BOOKMARK [2][-]{subsection.6.4.1}{\376\377\000L\000o\000w\000e\000r\000\040\000b\000o\000u\000n\000d\000s\000\040\000f\000o\000r\000\040\000n\000e\000a\000r\000l\000y\000-\000D\000-\000s\000p\000a\000r\000s\000e\000\040\000a\000g\000g\000r\000e\000g\000a\000t\000i\000o\000n}{section.6.4}% 19
\BOOKMARK [2][-]{subsection.6.4.2}{\376\377\000W\000e\000i\000g\000h\000t\000\040\000v\000e\000c\000t\000o\000r\000\040\000e\000s\000t\000i\000m\000a\000t\000i\000o\000n}{section.6.4}% 20
\BOOKMARK [2][-]{subsection.6.4.3}{\376\377\000E\000x\000t\000e\000n\000s\000i\000o\000n\000s\000\040\000t\000o\000\040\000t\000h\000e\000\040\000c\000a\000s\000e\000\040\000o\000f\000\040\000v\000a\000n\000i\000s\000h\000i\000n\000g\000\040\000c\000o\000m\000p\000o\000n\000e\000n\000t\000s}{section.6.4}% 21
\BOOKMARK [1][-]{section.6.5}{\376\377\000C\000o\000n\000c\000l\000u\000s\000i\000o\000n}{chapter.6}% 22
\BOOKMARK [1][-]{section.6.6}{\376\377\000P\000r\000o\000o\000f\000s\000\040\000o\000f\000\040\000r\000e\000s\000u\000l\000t\000s\000\040\000s\000t\000a\000t\000e\000d\000\040\000i\000n\000\040\000p\000r\000e\000v\000i\000o\000u\000s\000\040\000s\000e\000c\000t\000i\000o\000n\000s}{chapter.6}% 23
\BOOKMARK [2][-]{subsection.6.6.1}{\376\377\000P\000r\000o\000o\000f\000\040\000o\000f\000\040\000m\000a\000i\000n\000t\000h\000e\000o\0001}{section.6.6}% 24
\BOOKMARK [2][-]{subsection.6.6.2}{\376\377\000P\000r\000o\000o\000f\000\040\000o\000f\000\040\000m\000a\000i\000n\000t\000h\000e\000o\0002}{section.6.6}% 25
\BOOKMARK [2][-]{subsection.6.6.3}{\376\377\000P\000r\000o\000o\000f\000\040\000o\000f\000\040\000t\000h\000:\000e\000x\000p\000e\000c\000t\000a\000t\000i\000o\000n}{section.6.6}% 26
\BOOKMARK [2][-]{subsection.6.6.4}{\376\377\000P\000r\000o\000o\000f\000\040\000o\000f\000\040\000p\000r\000o\000p\000:\0001}{section.6.6}% 27
\BOOKMARK [2][-]{subsection.6.6.5}{\376\377\000P\000r\000o\000o\000f\000\040\000o\000f\000\040\000p\000r\000o\000p\000:\0002}{section.6.6}% 28
\BOOKMARK [2][-]{subsection.6.6.6}{\376\377\000A\000u\000x\000i\000l\000i\000a\000r\000y\000\040\000r\000e\000s\000u\000l\000t\000s}{section.6.6}% 29
\BOOKMARK [1][-]{section.6.7}{\376\377\000P\000r\000o\000o\000f\000\040\000o\000f\000\040\000t\000h\000e\000\040\000l\000o\000w\000e\000r\000\040\000b\000o\000u\000n\000d\000\040\000f\000o\000r\000\040\000n\000e\000a\000r\000l\000y\000-\000D\000-\000s\000p\000a\000r\000s\000e\000\040\000a\000g\000g\000r\000e\000g\000a\000t\000i\000o\000n}{chapter.6}% 30
\BOOKMARK [2][-]{subsection.6.7.1}{\376\377\000L\000o\000w\000e\000r\000\040\000b\000o\000u\000n\000d\000\040\000o\000n\000\040\000H\000F\000\050\0000\000,\000D\000\051}{section.6.7}% 31
\BOOKMARK [2][-]{subsection.6.7.2}{\376\377\000L\000o\000w\000e\000r\000\040\000b\000o\000u\000n\000d\000\040\000o\000n\000\040\000H\000F\000\050\000,\0001\000\051}{section.6.7}% 32
\BOOKMARK [2][-]{subsection.6.7.3}{\376\377\000L\000o\000w\000e\000r\000\040\000b\000o\000u\000n\000d\000\040\000h\000o\000l\000d\000i\000n\000g\000\040\000f\000o\000r\000\040\000a\000l\000l\000\040\000d\000e\000n\000s\000i\000t\000i\000e\000s}{section.6.7}% 33
\BOOKMARK [0][-]{chapter.7}{\376\377\000N\000u\000m\000e\000r\000i\000c\000a\000l\000\040\000E\000x\000p\000e\000r\000i\000m\000e\000n\000t\000s}{}% 34
\BOOKMARK [1][-]{section.7.1}{\376\377\000I\000m\000p\000l\000e\000m\000e\000n\000t\000a\000t\000i\000o\000n\000\040\000d\000e\000t\000a\000i\000l\000s}{chapter.7}% 35
\BOOKMARK [2][-]{subsection.7.1.1}{\376\377\000P\000r\000o\000b\000l\000e\000m\000\040\000c\000o\000n\000s\000i\000d\000e\000r\000e\000d}{section.7.1}% 36
\BOOKMARK [2][-]{subsection.7.1.2}{\376\377\000I\000m\000p\000l\000e\000m\000e\000n\000t\000a\000t\000i\000o\000n}{section.7.1}% 37
\BOOKMARK [1][-]{section.7.2}{\376\377\000A\000l\000t\000e\000r\000n\000a\000t\000i\000v\000e\000\040\000m\000e\000t\000h\000o\000d\000s}{chapter.7}% 38
\BOOKMARK [2][-]{subsection.7.2.1}{\376\377\000S\000P\000A\000D\000E\000S}{section.7.2}% 39
\BOOKMARK [2][-]{subsection.7.2.2}{\376\377\000A\000d\000a\000p\000t\000i\000v\000e\000\040\000D\000a\000n\000t\000z\000i\000g\000\040\000d\000e\000n\000s\000i\000t\000y\000\040\000e\000s\000t\000i\000m\000a\000t\000i\000o\000n}{section.7.2}% 40
\BOOKMARK [2][-]{subsection.7.2.3}{\376\377\000K\000e\000r\000n\000e\000l\000\040\000d\000e\000n\000s\000i\000t\000y\000\040\000e\000s\000t\000i\000m\000a\000t\000i\000o\000n}{section.7.2}% 41
\BOOKMARK [1][-]{section.7.3}{\376\377\000E\000x\000p\000e\000r\000i\000m\000e\000n\000t\000a\000l\000\040\000E\000v\000a\000l\000u\000a\000t\000i\000o\000n\000s}{chapter.7}% 42
\BOOKMARK [1][-]{section.7.4}{\376\377\000R\000e\000a\000l\000\040\000u\000s\000e\000\040\000c\000a\000s\000e}{chapter.7}% 43
