This is pdfTeX, Version 3.14159265-2.6-1.40.17 (TeX Live 2016) (preloaded format=pdflatex 2017.1.17)  16 APR 2017 16:45
entering extended mode
 restricted \write18 enabled.
 %&-line parsing enabled.
**main.tex
(./main.tex
LaTeX2e <2016/03/31>
Babel <3.9r> and hyphenation patterns for 83 language(s) loaded.
(/usr/local/texlive/2016/texmf-dist/tex/latex/base/book.cls
Document Class: book 2014/09/29 v1.4h Standard LaTeX document class
(/usr/local/texlive/2016/texmf-dist/tex/latex/base/bk12.clo
File: bk12.clo 2014/09/29 v1.4h Standard LaTeX file (size option)
)
\c@part=\count79
\c@chapter=\count80
\c@section=\count81
\c@subsection=\count82
\c@subsubsection=\count83
\c@paragraph=\count84
\c@subparagraph=\count85
\c@figure=\count86
\c@table=\count87
\abovecaptionskip=\skip41
\belowcaptionskip=\skip42
\bibindent=\dimen102
)
(/usr/local/texlive/2016/texmf-dist/tex/latex/base/inputenc.sty
Package: inputenc 2015/03/17 v1.2c Input encoding file
\inpenc@prehook=\toks14
\inpenc@posthook=\toks15

(/usr/local/texlive/2016/texmf-dist/tex/latex/base/utf8.def
File: utf8.def 2016/02/28 v1.1s UTF-8 support for inputenc
Now handling font encoding OML ...
... no UTF-8 mapping file for font encoding OML
Now handling font encoding T1 ...
... processing UTF-8 mapping file for font encoding T1

(/usr/local/texlive/2016/texmf-dist/tex/latex/base/t1enc.dfu
File: t1enc.dfu 2016/02/28 v1.1s UTF-8 support for inputenc
   defining Unicode char U+00A0 (decimal 160)
   defining Unicode char U+00A1 (decimal 161)
   defining Unicode char U+00A3 (decimal 163)
   defining Unicode char U+00AB (decimal 171)
   defining Unicode char U+00AD (decimal 173)
   defining Unicode char U+00BB (decimal 187)
   defining Unicode char U+00BF (decimal 191)
   defining Unicode char U+00C0 (decimal 192)
   defining Unicode char U+00C1 (decimal 193)
   defining Unicode char U+00C2 (decimal 194)
   defining Unicode char U+00C3 (decimal 195)
   defining Unicode char U+00C4 (decimal 196)
   defining Unicode char U+00C5 (decimal 197)
   defining Unicode char U+00C6 (decimal 198)
   defining Unicode char U+00C7 (decimal 199)
   defining Unicode char U+00C8 (decimal 200)
   defining Unicode char U+00C9 (decimal 201)
   defining Unicode char U+00CA (decimal 202)
   defining Unicode char U+00CB (decimal 203)
   defining Unicode char U+00CC (decimal 204)
   defining Unicode char U+00CD (decimal 205)
   defining Unicode char U+00CE (decimal 206)
   defining Unicode char U+00CF (decimal 207)
   defining Unicode char U+00D0 (decimal 208)
   defining Unicode char U+00D1 (decimal 209)
   defining Unicode char U+00D2 (decimal 210)
   defining Unicode char U+00D3 (decimal 211)
   defining Unicode char U+00D4 (decimal 212)
   defining Unicode char U+00D5 (decimal 213)
   defining Unicode char U+00D6 (decimal 214)
   defining Unicode char U+00D8 (decimal 216)
   defining Unicode char U+00D9 (decimal 217)
   defining Unicode char U+00DA (decimal 218)
   defining Unicode char U+00DB (decimal 219)
   defining Unicode char U+00DC (decimal 220)
   defining Unicode char U+00DD (decimal 221)
   defining Unicode char U+00DE (decimal 222)
   defining Unicode char U+00DF (decimal 223)
   defining Unicode char U+00E0 (decimal 224)
   defining Unicode char U+00E1 (decimal 225)
   defining Unicode char U+00E2 (decimal 226)
   defining Unicode char U+00E3 (decimal 227)
   defining Unicode char U+00E4 (decimal 228)
   defining Unicode char U+00E5 (decimal 229)
   defining Unicode char U+00E6 (decimal 230)
   defining Unicode char U+00E7 (decimal 231)
   defining Unicode char U+00E8 (decimal 232)
   defining Unicode char U+00E9 (decimal 233)
   defining Unicode char U+00EA (decimal 234)
   defining Unicode char U+00EB (decimal 235)
   defining Unicode char U+00EC (decimal 236)
   defining Unicode char U+00ED (decimal 237)
   defining Unicode char U+00EE (decimal 238)
   defining Unicode char U+00EF (decimal 239)
   defining Unicode char U+00F0 (decimal 240)
   defining Unicode char U+00F1 (decimal 241)
   defining Unicode char U+00F2 (decimal 242)
   defining Unicode char U+00F3 (decimal 243)
   defining Unicode char U+00F4 (decimal 244)
   defining Unicode char U+00F5 (decimal 245)
   defining Unicode char U+00F6 (decimal 246)
   defining Unicode char U+00F8 (decimal 248)
   defining Unicode char U+00F9 (decimal 249)
   defining Unicode char U+00FA (decimal 250)
   defining Unicode char U+00FB (decimal 251)
   defining Unicode char U+00FC (decimal 252)
   defining Unicode char U+00FD (decimal 253)
   defining Unicode char U+00FE (decimal 254)
   defining Unicode char U+00FF (decimal 255)
   defining Unicode char U+0100 (decimal 256)
   defining Unicode char U+0101 (decimal 257)
   defining Unicode char U+0102 (decimal 258)
   defining Unicode char U+0103 (decimal 259)
   defining Unicode char U+0104 (decimal 260)
   defining Unicode char U+0105 (decimal 261)
   defining Unicode char U+0106 (decimal 262)
   defining Unicode char U+0107 (decimal 263)
   defining Unicode char U+0108 (decimal 264)
   defining Unicode char U+0109 (decimal 265)
   defining Unicode char U+010A (decimal 266)
   defining Unicode char U+010B (decimal 267)
   defining Unicode char U+010C (decimal 268)
   defining Unicode char U+010D (decimal 269)
   defining Unicode char U+010E (decimal 270)
   defining Unicode char U+010F (decimal 271)
   defining Unicode char U+0110 (decimal 272)
   defining Unicode char U+0111 (decimal 273)
   defining Unicode char U+0112 (decimal 274)
   defining Unicode char U+0113 (decimal 275)
   defining Unicode char U+0114 (decimal 276)
   defining Unicode char U+0115 (decimal 277)
   defining Unicode char U+0116 (decimal 278)
   defining Unicode char U+0117 (decimal 279)
   defining Unicode char U+0118 (decimal 280)
   defining Unicode char U+0119 (decimal 281)
   defining Unicode char U+011A (decimal 282)
   defining Unicode char U+011B (decimal 283)
   defining Unicode char U+011C (decimal 284)
   defining Unicode char U+011D (decimal 285)
   defining Unicode char U+011E (decimal 286)
   defining Unicode char U+011F (decimal 287)
   defining Unicode char U+0120 (decimal 288)
   defining Unicode char U+0121 (decimal 289)
   defining Unicode char U+0122 (decimal 290)
   defining Unicode char U+0123 (decimal 291)
   defining Unicode char U+0124 (decimal 292)
   defining Unicode char U+0125 (decimal 293)
   defining Unicode char U+0128 (decimal 296)
   defining Unicode char U+0129 (decimal 297)
   defining Unicode char U+012A (decimal 298)
   defining Unicode char U+012B (decimal 299)
   defining Unicode char U+012C (decimal 300)
   defining Unicode char U+012D (decimal 301)
   defining Unicode char U+012E (decimal 302)
   defining Unicode char U+012F (decimal 303)
   defining Unicode char U+0130 (decimal 304)
   defining Unicode char U+0131 (decimal 305)
   defining Unicode char U+0132 (decimal 306)
   defining Unicode char U+0133 (decimal 307)
   defining Unicode char U+0134 (decimal 308)
   defining Unicode char U+0135 (decimal 309)
   defining Unicode char U+0136 (decimal 310)
   defining Unicode char U+0137 (decimal 311)
   defining Unicode char U+0139 (decimal 313)
   defining Unicode char U+013A (decimal 314)
   defining Unicode char U+013B (decimal 315)
   defining Unicode char U+013C (decimal 316)
   defining Unicode char U+013D (decimal 317)
   defining Unicode char U+013E (decimal 318)
   defining Unicode char U+0141 (decimal 321)
   defining Unicode char U+0142 (decimal 322)
   defining Unicode char U+0143 (decimal 323)
   defining Unicode char U+0144 (decimal 324)
   defining Unicode char U+0145 (decimal 325)
   defining Unicode char U+0146 (decimal 326)
   defining Unicode char U+0147 (decimal 327)
   defining Unicode char U+0148 (decimal 328)
   defining Unicode char U+014A (decimal 330)
   defining Unicode char U+014B (decimal 331)
   defining Unicode char U+014C (decimal 332)
   defining Unicode char U+014D (decimal 333)
   defining Unicode char U+014E (decimal 334)
   defining Unicode char U+014F (decimal 335)
   defining Unicode char U+0150 (decimal 336)
   defining Unicode char U+0151 (decimal 337)
   defining Unicode char U+0152 (decimal 338)
   defining Unicode char U+0153 (decimal 339)
   defining Unicode char U+0154 (decimal 340)
   defining Unicode char U+0155 (decimal 341)
   defining Unicode char U+0156 (decimal 342)
   defining Unicode char U+0157 (decimal 343)
   defining Unicode char U+0158 (decimal 344)
   defining Unicode char U+0159 (decimal 345)
   defining Unicode char U+015A (decimal 346)
   defining Unicode char U+015B (decimal 347)
   defining Unicode char U+015C (decimal 348)
   defining Unicode char U+015D (decimal 349)
   defining Unicode char U+015E (decimal 350)
   defining Unicode char U+015F (decimal 351)
   defining Unicode char U+0160 (decimal 352)
   defining Unicode char U+0161 (decimal 353)
   defining Unicode char U+0162 (decimal 354)
   defining Unicode char U+0163 (decimal 355)
   defining Unicode char U+0164 (decimal 356)
   defining Unicode char U+0165 (decimal 357)
   defining Unicode char U+0168 (decimal 360)
   defining Unicode char U+0169 (decimal 361)
   defining Unicode char U+016A (decimal 362)
   defining Unicode char U+016B (decimal 363)
   defining Unicode char U+016C (decimal 364)
   defining Unicode char U+016D (decimal 365)
   defining Unicode char U+016E (decimal 366)
   defining Unicode char U+016F (decimal 367)
   defining Unicode char U+0170 (decimal 368)
   defining Unicode char U+0171 (decimal 369)
   defining Unicode char U+0172 (decimal 370)
   defining Unicode char U+0173 (decimal 371)
   defining Unicode char U+0174 (decimal 372)
   defining Unicode char U+0175 (decimal 373)
   defining Unicode char U+0176 (decimal 374)
   defining Unicode char U+0177 (decimal 375)
   defining Unicode char U+0178 (decimal 376)
   defining Unicode char U+0179 (decimal 377)
   defining Unicode char U+017A (decimal 378)
   defining Unicode char U+017B (decimal 379)
   defining Unicode char U+017C (decimal 380)
   defining Unicode char U+017D (decimal 381)
   defining Unicode char U+017E (decimal 382)
   defining Unicode char U+01CD (decimal 461)
   defining Unicode char U+01CE (decimal 462)
   defining Unicode char U+01CF (decimal 463)
   defining Unicode char U+01D0 (decimal 464)
   defining Unicode char U+01D1 (decimal 465)
   defining Unicode char U+01D2 (decimal 466)
   defining Unicode char U+01D3 (decimal 467)
   defining Unicode char U+01D4 (decimal 468)
   defining Unicode char U+01E2 (decimal 482)
   defining Unicode char U+01E3 (decimal 483)
   defining Unicode char U+01E6 (decimal 486)
   defining Unicode char U+01E7 (decimal 487)
   defining Unicode char U+01E8 (decimal 488)
   defining Unicode char U+01E9 (decimal 489)
   defining Unicode char U+01EA (decimal 490)
   defining Unicode char U+01EB (decimal 491)
   defining Unicode char U+01F0 (decimal 496)
   defining Unicode char U+01F4 (decimal 500)
   defining Unicode char U+01F5 (decimal 501)
   defining Unicode char U+0218 (decimal 536)
   defining Unicode char U+0219 (decimal 537)
   defining Unicode char U+021A (decimal 538)
   defining Unicode char U+021B (decimal 539)
   defining Unicode char U+1E02 (decimal 7682)
   defining Unicode char U+1E03 (decimal 7683)
   defining Unicode char U+200C (decimal 8204)
   defining Unicode char U+2010 (decimal 8208)
   defining Unicode char U+2011 (decimal 8209)
   defining Unicode char U+2012 (decimal 8210)
   defining Unicode char U+2013 (decimal 8211)
   defining Unicode char U+2014 (decimal 8212)
   defining Unicode char U+2015 (decimal 8213)
   defining Unicode char U+2018 (decimal 8216)
   defining Unicode char U+2019 (decimal 8217)
   defining Unicode char U+201A (decimal 8218)
   defining Unicode char U+201C (decimal 8220)
   defining Unicode char U+201D (decimal 8221)
   defining Unicode char U+201E (decimal 8222)
   defining Unicode char U+2030 (decimal 8240)
   defining Unicode char U+2031 (decimal 8241)
   defining Unicode char U+2039 (decimal 8249)
   defining Unicode char U+203A (decimal 8250)
   defining Unicode char U+2423 (decimal 9251)
)
Now handling font encoding OT1 ...
... processing UTF-8 mapping file for font encoding OT1

(/usr/local/texlive/2016/texmf-dist/tex/latex/base/ot1enc.dfu
File: ot1enc.dfu 2016/02/28 v1.1s UTF-8 support for inputenc
   defining Unicode char U+00A0 (decimal 160)
   defining Unicode char U+00A1 (decimal 161)
   defining Unicode char U+00A3 (decimal 163)
   defining Unicode char U+00AD (decimal 173)
   defining Unicode char U+00B8 (decimal 184)
   defining Unicode char U+00BF (decimal 191)
   defining Unicode char U+00C5 (decimal 197)
   defining Unicode char U+00C6 (decimal 198)
   defining Unicode char U+00D8 (decimal 216)
   defining Unicode char U+00DF (decimal 223)
   defining Unicode char U+00E6 (decimal 230)
   defining Unicode char U+00EC (decimal 236)
   defining Unicode char U+00ED (decimal 237)
   defining Unicode char U+00EE (decimal 238)
   defining Unicode char U+00EF (decimal 239)
   defining Unicode char U+00F8 (decimal 248)
   defining Unicode char U+0131 (decimal 305)
   defining Unicode char U+0141 (decimal 321)
   defining Unicode char U+0142 (decimal 322)
   defining Unicode char U+0152 (decimal 338)
   defining Unicode char U+0153 (decimal 339)
   defining Unicode char U+0174 (decimal 372)
   defining Unicode char U+0175 (decimal 373)
   defining Unicode char U+0176 (decimal 374)
   defining Unicode char U+0177 (decimal 375)
   defining Unicode char U+0218 (decimal 536)
   defining Unicode char U+0219 (decimal 537)
   defining Unicode char U+021A (decimal 538)
   defining Unicode char U+021B (decimal 539)
   defining Unicode char U+2013 (decimal 8211)
   defining Unicode char U+2014 (decimal 8212)
   defining Unicode char U+2018 (decimal 8216)
   defining Unicode char U+2019 (decimal 8217)
   defining Unicode char U+201C (decimal 8220)
   defining Unicode char U+201D (decimal 8221)
)
Now handling font encoding OMS ...
... processing UTF-8 mapping file for font encoding OMS

(/usr/local/texlive/2016/texmf-dist/tex/latex/base/omsenc.dfu
File: omsenc.dfu 2016/02/28 v1.1s UTF-8 support for inputenc
   defining Unicode char U+00A7 (decimal 167)
   defining Unicode char U+00B6 (decimal 182)
   defining Unicode char U+00B7 (decimal 183)
   defining Unicode char U+2020 (decimal 8224)
   defining Unicode char U+2021 (decimal 8225)
   defining Unicode char U+2022 (decimal 8226)
)
Now handling font encoding OMX ...
... no UTF-8 mapping file for font encoding OMX
Now handling font encoding U ...
... no UTF-8 mapping file for font encoding U
   defining Unicode char U+00A9 (decimal 169)
   defining Unicode char U+00AA (decimal 170)
   defining Unicode char U+00AE (decimal 174)
   defining Unicode char U+00BA (decimal 186)
   defining Unicode char U+02C6 (decimal 710)
   defining Unicode char U+02DC (decimal 732)
   defining Unicode char U+200C (decimal 8204)
   defining Unicode char U+2026 (decimal 8230)
   defining Unicode char U+2122 (decimal 8482)
   defining Unicode char U+2423 (decimal 9251)
))
(/usr/local/texlive/2016/texmf-dist/tex/latex/xcolor/xcolor.sty
Package: xcolor 2016/05/11 v2.12 LaTeX color extensions (UK)

(/usr/local/texlive/2016/texmf-dist/tex/latex/graphics-cfg/color.cfg
File: color.cfg 2016/01/02 v1.6 sample color configuration
)
Package xcolor Info: Driver file: pdftex.def on input line 225.

(/usr/local/texlive/2016/texmf-dist/tex/latex/pdftex-def/pdftex.def
File: pdftex.def 2011/05/27 v0.06d Graphics/color for pdfTeX

(/usr/local/texlive/2016/texmf-dist/tex/generic/oberdiek/infwarerr.sty
Package: infwarerr 2016/05/16 v1.4 Providing info/warning/error messages (HO)
)
(/usr/local/texlive/2016/texmf-dist/tex/generic/oberdiek/ltxcmds.sty
Package: ltxcmds 2016/05/16 v1.23 LaTeX kernel commands for general use (HO)
)
\Gread@gobject=\count88
)
Package xcolor Info: Model `cmy' substituted by `cmy0' on input line 1348.
Package xcolor Info: Model `hsb' substituted by `rgb' on input line 1352.
Package xcolor Info: Model `RGB' extended on input line 1364.
Package xcolor Info: Model `HTML' substituted by `rgb' on input line 1366.
Package xcolor Info: Model `Hsb' substituted by `hsb' on input line 1367.
Package xcolor Info: Model `tHsb' substituted by `hsb' on input line 1368.
Package xcolor Info: Model `HSB' substituted by `hsb' on input line 1369.
Package xcolor Info: Model `Gray' substituted by `gray' on input line 1370.
Package xcolor Info: Model `wave' substituted by `hsb' on input line 1371.

(/usr/local/texlive/2016/texmf-dist/tex/latex/graphics/dvipsnam.def
File: dvipsnam.def 2015/12/30 v3.0k Driver-dependent file (DPC,SPQR)
))
(/usr/local/texlive/2016/texmf-dist/tex/latex/amsmath/amsmath.sty
Package: amsmath 2016/03/10 v2.15b AMS math features
\@mathmargin=\skip43

For additional information on amsmath, use the `?' option.
(/usr/local/texlive/2016/texmf-dist/tex/latex/amsmath/amstext.sty
Package: amstext 2000/06/29 v2.01 AMS text

(/usr/local/texlive/2016/texmf-dist/tex/latex/amsmath/amsgen.sty
File: amsgen.sty 1999/11/30 v2.0 generic functions
\@emptytoks=\toks16
\ex@=\dimen103
))
(/usr/local/texlive/2016/texmf-dist/tex/latex/amsmath/amsbsy.sty
Package: amsbsy 1999/11/29 v1.2d Bold Symbols
\pmbraise@=\dimen104
)
(/usr/local/texlive/2016/texmf-dist/tex/latex/amsmath/amsopn.sty
Package: amsopn 2016/03/08 v2.02 operator names
)
\inf@bad=\count89
LaTeX Info: Redefining \frac on input line 199.
\uproot@=\count90
\leftroot@=\count91
LaTeX Info: Redefining \overline on input line 297.
\classnum@=\count92
\DOTSCASE@=\count93
LaTeX Info: Redefining \ldots on input line 394.
LaTeX Info: Redefining \dots on input line 397.
LaTeX Info: Redefining \cdots on input line 518.
\Mathstrutbox@=\box26
\strutbox@=\box27
\big@size=\dimen105
LaTeX Font Info:    Redeclaring font encoding OML on input line 634.
LaTeX Font Info:    Redeclaring font encoding OMS on input line 635.
\macc@depth=\count94
\c@MaxMatrixCols=\count95
\dotsspace@=\muskip10
\c@parentequation=\count96
\dspbrk@lvl=\count97
\tag@help=\toks17
\row@=\count98
\column@=\count99
\maxfields@=\count100
\andhelp@=\toks18
\eqnshift@=\dimen106
\alignsep@=\dimen107
\tagshift@=\dimen108
\tagwidth@=\dimen109
\totwidth@=\dimen110
\lineht@=\dimen111
\@envbody=\toks19
\multlinegap=\skip44
\multlinetaggap=\skip45
\mathdisplay@stack=\toks20
LaTeX Info: Redefining \[ on input line 2739.
LaTeX Info: Redefining \] on input line 2740.
)
(/usr/local/texlive/2016/texmf-dist/tex/latex/amsfonts/amssymb.sty
Package: amssymb 2013/01/14 v3.01 AMS font symbols

(/usr/local/texlive/2016/texmf-dist/tex/latex/amsfonts/amsfonts.sty
Package: amsfonts 2013/01/14 v3.01 Basic AMSFonts support
\symAMSa=\mathgroup4
\symAMSb=\mathgroup5
LaTeX Font Info:    Overwriting math alphabet `\mathfrak' in version `bold'
(Font)                  U/euf/m/n --> U/euf/b/n on input line 106.
))
(/usr/local/texlive/2016/texmf-dist/tex/latex/amscls/amsthm.sty
Package: amsthm 2015/03/04 v2.20.2
\thm@style=\toks21
\thm@bodyfont=\toks22
\thm@headfont=\toks23
\thm@notefont=\toks24
\thm@headpunct=\toks25
\thm@preskip=\skip46
\thm@postskip=\skip47
\thm@headsep=\skip48
\dth@everypar=\toks26
)
(/usr/local/texlive/2016/texmf-dist/tex/latex/pgf/frontendlayer/tikz.sty
(/usr/local/texlive/2016/texmf-dist/tex/latex/pgf/basiclayer/pgf.sty
(/usr/local/texlive/2016/texmf-dist/tex/latex/pgf/utilities/pgfrcs.sty
(/usr/local/texlive/2016/texmf-dist/tex/generic/pgf/utilities/pgfutil-common.te
x
\pgfutil@everybye=\toks27
\pgfutil@tempdima=\dimen112
\pgfutil@tempdimb=\dimen113

(/usr/local/texlive/2016/texmf-dist/tex/generic/pgf/utilities/pgfutil-common-li
sts.tex))
(/usr/local/texlive/2016/texmf-dist/tex/generic/pgf/utilities/pgfutil-latex.def
\pgfutil@abb=\box28
(/usr/local/texlive/2016/texmf-dist/tex/latex/ms/everyshi.sty
Package: everyshi 2001/05/15 v3.00 EveryShipout Package (MS)
))
(/usr/local/texlive/2016/texmf-dist/tex/generic/pgf/utilities/pgfrcs.code.tex
Package: pgfrcs 2015/08/07 v3.0.1a (rcs-revision 1.31)
))
Package: pgf 2015/08/07 v3.0.1a (rcs-revision 1.15)
(/usr/local/texlive/2016/texmf-dist/tex/latex/pgf/basiclayer/pgfcore.sty
(/usr/local/texlive/2016/texmf-dist/tex/latex/graphics/graphicx.sty
Package: graphicx 2014/10/28 v1.0g Enhanced LaTeX Graphics (DPC,SPQR)

(/usr/local/texlive/2016/texmf-dist/tex/latex/graphics/keyval.sty
Package: keyval 2014/10/28 v1.15 key=value parser (DPC)
\KV@toks@=\toks28
)
(/usr/local/texlive/2016/texmf-dist/tex/latex/graphics/graphics.sty
Package: graphics 2016/05/09 v1.0r Standard LaTeX Graphics (DPC,SPQR)

(/usr/local/texlive/2016/texmf-dist/tex/latex/graphics/trig.sty
Package: trig 2016/01/03 v1.10 sin cos tan (DPC)
)
(/usr/local/texlive/2016/texmf-dist/tex/latex/graphics-cfg/graphics.cfg
File: graphics.cfg 2016/01/02 v1.10 sample graphics configuration
)
Package graphics Info: Driver file: pdftex.def on input line 96.
)
\Gin@req@height=\dimen114
\Gin@req@width=\dimen115
)
(/usr/local/texlive/2016/texmf-dist/tex/latex/pgf/systemlayer/pgfsys.sty
(/usr/local/texlive/2016/texmf-dist/tex/generic/pgf/systemlayer/pgfsys.code.tex
Package: pgfsys 2014/07/09 v3.0.1a (rcs-revision 1.48)
(/usr/local/texlive/2016/texmf-dist/tex/generic/pgf/utilities/pgfkeys.code.tex
\pgfkeys@pathtoks=\toks29
\pgfkeys@temptoks=\toks30

(/usr/local/texlive/2016/texmf-dist/tex/generic/pgf/utilities/pgfkeysfiltered.c
ode.tex
\pgfkeys@tmptoks=\toks31
))
\pgf@x=\dimen116
\pgf@y=\dimen117
\pgf@xa=\dimen118
\pgf@ya=\dimen119
\pgf@xb=\dimen120
\pgf@yb=\dimen121
\pgf@xc=\dimen122
\pgf@yc=\dimen123
\w@pgf@writea=\write3
\r@pgf@reada=\read1
\c@pgf@counta=\count101
\c@pgf@countb=\count102
\c@pgf@countc=\count103
\c@pgf@countd=\count104
\t@pgf@toka=\toks32
\t@pgf@tokb=\toks33
\t@pgf@tokc=\toks34

(/usr/local/texlive/2016/texmf-dist/tex/generic/pgf/systemlayer/pgf.cfg
File: pgf.cfg 2008/05/14  (rcs-revision 1.7)
)
Driver file for pgf: pgfsys-pdftex.def

(/usr/local/texlive/2016/texmf-dist/tex/generic/pgf/systemlayer/pgfsys-pdftex.d
ef
File: pgfsys-pdftex.def 2014/10/11  (rcs-revision 1.35)

(/usr/local/texlive/2016/texmf-dist/tex/generic/pgf/systemlayer/pgfsys-common-p
df.def
File: pgfsys-common-pdf.def 2013/10/10  (rcs-revision 1.13)
)))
(/usr/local/texlive/2016/texmf-dist/tex/generic/pgf/systemlayer/pgfsyssoftpath.
code.tex
File: pgfsyssoftpath.code.tex 2013/09/09  (rcs-revision 1.9)
\pgfsyssoftpath@smallbuffer@items=\count105
\pgfsyssoftpath@bigbuffer@items=\count106
)
(/usr/local/texlive/2016/texmf-dist/tex/generic/pgf/systemlayer/pgfsysprotocol.
code.tex
File: pgfsysprotocol.code.tex 2006/10/16  (rcs-revision 1.4)
))
(/usr/local/texlive/2016/texmf-dist/tex/generic/pgf/basiclayer/pgfcore.code.tex
Package: pgfcore 2010/04/11 v3.0.1a (rcs-revision 1.7)
(/usr/local/texlive/2016/texmf-dist/tex/generic/pgf/math/pgfmath.code.tex
(/usr/local/texlive/2016/texmf-dist/tex/generic/pgf/math/pgfmathcalc.code.tex
(/usr/local/texlive/2016/texmf-dist/tex/generic/pgf/math/pgfmathutil.code.tex)
(/usr/local/texlive/2016/texmf-dist/tex/generic/pgf/math/pgfmathparser.code.tex
\pgfmath@dimen=\dimen124
\pgfmath@count=\count107
\pgfmath@box=\box29
\pgfmath@toks=\toks35
\pgfmath@stack@operand=\toks36
\pgfmath@stack@operation=\toks37
)
(/usr/local/texlive/2016/texmf-dist/tex/generic/pgf/math/pgfmathfunctions.code.
tex
(/usr/local/texlive/2016/texmf-dist/tex/generic/pgf/math/pgfmathfunctions.basic
.code.tex)
(/usr/local/texlive/2016/texmf-dist/tex/generic/pgf/math/pgfmathfunctions.trigo
nometric.code.tex)
(/usr/local/texlive/2016/texmf-dist/tex/generic/pgf/math/pgfmathfunctions.rando
m.code.tex)
(/usr/local/texlive/2016/texmf-dist/tex/generic/pgf/math/pgfmathfunctions.compa
rison.code.tex)
(/usr/local/texlive/2016/texmf-dist/tex/generic/pgf/math/pgfmathfunctions.base.
code.tex)
(/usr/local/texlive/2016/texmf-dist/tex/generic/pgf/math/pgfmathfunctions.round
.code.tex)
(/usr/local/texlive/2016/texmf-dist/tex/generic/pgf/math/pgfmathfunctions.misc.
code.tex)
(/usr/local/texlive/2016/texmf-dist/tex/generic/pgf/math/pgfmathfunctions.integ
erarithmetics.code.tex)))
(/usr/local/texlive/2016/texmf-dist/tex/generic/pgf/math/pgfmathfloat.code.tex
\c@pgfmathroundto@lastzeros=\count108
))
(/usr/local/texlive/2016/texmf-dist/tex/generic/pgf/basiclayer/pgfcorepoints.co
de.tex
File: pgfcorepoints.code.tex 2013/10/07  (rcs-revision 1.27)
\pgf@picminx=\dimen125
\pgf@picmaxx=\dimen126
\pgf@picminy=\dimen127
\pgf@picmaxy=\dimen128
\pgf@pathminx=\dimen129
\pgf@pathmaxx=\dimen130
\pgf@pathminy=\dimen131
\pgf@pathmaxy=\dimen132
\pgf@xx=\dimen133
\pgf@xy=\dimen134
\pgf@yx=\dimen135
\pgf@yy=\dimen136
\pgf@zx=\dimen137
\pgf@zy=\dimen138
)
(/usr/local/texlive/2016/texmf-dist/tex/generic/pgf/basiclayer/pgfcorepathconst
ruct.code.tex
File: pgfcorepathconstruct.code.tex 2013/10/07  (rcs-revision 1.29)
\pgf@path@lastx=\dimen139
\pgf@path@lasty=\dimen140
)
(/usr/local/texlive/2016/texmf-dist/tex/generic/pgf/basiclayer/pgfcorepathusage
.code.tex
File: pgfcorepathusage.code.tex 2014/11/02  (rcs-revision 1.24)
\pgf@shorten@end@additional=\dimen141
\pgf@shorten@start@additional=\dimen142
)
(/usr/local/texlive/2016/texmf-dist/tex/generic/pgf/basiclayer/pgfcorescopes.co
de.tex
File: pgfcorescopes.code.tex 2015/05/08  (rcs-revision 1.46)
\pgfpic=\box30
\pgf@hbox=\box31
\pgf@layerbox@main=\box32
\pgf@picture@serial@count=\count109
)
(/usr/local/texlive/2016/texmf-dist/tex/generic/pgf/basiclayer/pgfcoregraphicst
ate.code.tex
File: pgfcoregraphicstate.code.tex 2014/11/02  (rcs-revision 1.12)
\pgflinewidth=\dimen143
)
(/usr/local/texlive/2016/texmf-dist/tex/generic/pgf/basiclayer/pgfcoretransform
ations.code.tex
File: pgfcoretransformations.code.tex 2015/08/07  (rcs-revision 1.20)
\pgf@pt@x=\dimen144
\pgf@pt@y=\dimen145
\pgf@pt@temp=\dimen146
)
(/usr/local/texlive/2016/texmf-dist/tex/generic/pgf/basiclayer/pgfcorequick.cod
e.tex
File: pgfcorequick.code.tex 2008/10/09  (rcs-revision 1.3)
)
(/usr/local/texlive/2016/texmf-dist/tex/generic/pgf/basiclayer/pgfcoreobjects.c
ode.tex
File: pgfcoreobjects.code.tex 2006/10/11  (rcs-revision 1.2)
)
(/usr/local/texlive/2016/texmf-dist/tex/generic/pgf/basiclayer/pgfcorepathproce
ssing.code.tex
File: pgfcorepathprocessing.code.tex 2013/09/09  (rcs-revision 1.9)
)
(/usr/local/texlive/2016/texmf-dist/tex/generic/pgf/basiclayer/pgfcorearrows.co
de.tex
File: pgfcorearrows.code.tex 2015/05/14  (rcs-revision 1.43)
\pgfarrowsep=\dimen147
)
(/usr/local/texlive/2016/texmf-dist/tex/generic/pgf/basiclayer/pgfcoreshade.cod
e.tex
File: pgfcoreshade.code.tex 2013/07/15  (rcs-revision 1.15)
\pgf@max=\dimen148
\pgf@sys@shading@range@num=\count110
)
(/usr/local/texlive/2016/texmf-dist/tex/generic/pgf/basiclayer/pgfcoreimage.cod
e.tex
File: pgfcoreimage.code.tex 2013/07/15  (rcs-revision 1.18)

(/usr/local/texlive/2016/texmf-dist/tex/generic/pgf/basiclayer/pgfcoreexternal.
code.tex
File: pgfcoreexternal.code.tex 2014/07/09  (rcs-revision 1.21)
\pgfexternal@startupbox=\box33
))
(/usr/local/texlive/2016/texmf-dist/tex/generic/pgf/basiclayer/pgfcorelayers.co
de.tex
File: pgfcorelayers.code.tex 2013/07/18  (rcs-revision 1.7)
)
(/usr/local/texlive/2016/texmf-dist/tex/generic/pgf/basiclayer/pgfcoretranspare
ncy.code.tex
File: pgfcoretransparency.code.tex 2013/09/30  (rcs-revision 1.5)
)
(/usr/local/texlive/2016/texmf-dist/tex/generic/pgf/basiclayer/pgfcorepatterns.
code.tex
File: pgfcorepatterns.code.tex 2013/11/07  (rcs-revision 1.5)
)))
(/usr/local/texlive/2016/texmf-dist/tex/generic/pgf/modules/pgfmoduleshapes.cod
e.tex
File: pgfmoduleshapes.code.tex 2014/03/21  (rcs-revision 1.35)
\pgfnodeparttextbox=\box34
)
(/usr/local/texlive/2016/texmf-dist/tex/generic/pgf/modules/pgfmoduleplot.code.
tex
File: pgfmoduleplot.code.tex 2015/08/03  (rcs-revision 1.13)
)
(/usr/local/texlive/2016/texmf-dist/tex/latex/pgf/compatibility/pgfcomp-version
-0-65.sty
Package: pgfcomp-version-0-65 2007/07/03 v3.0.1a (rcs-revision 1.7)
\pgf@nodesepstart=\dimen149
\pgf@nodesepend=\dimen150
)
(/usr/local/texlive/2016/texmf-dist/tex/latex/pgf/compatibility/pgfcomp-version
-1-18.sty
Package: pgfcomp-version-1-18 2007/07/23 v3.0.1a (rcs-revision 1.1)
))
(/usr/local/texlive/2016/texmf-dist/tex/latex/pgf/utilities/pgffor.sty
(/usr/local/texlive/2016/texmf-dist/tex/latex/pgf/utilities/pgfkeys.sty
(/usr/local/texlive/2016/texmf-dist/tex/generic/pgf/utilities/pgfkeys.code.tex)
) (/usr/local/texlive/2016/texmf-dist/tex/latex/pgf/math/pgfmath.sty
(/usr/local/texlive/2016/texmf-dist/tex/generic/pgf/math/pgfmath.code.tex))
(/usr/local/texlive/2016/texmf-dist/tex/generic/pgf/utilities/pgffor.code.tex
Package: pgffor 2013/12/13 v3.0.1a (rcs-revision 1.25)

(/usr/local/texlive/2016/texmf-dist/tex/generic/pgf/math/pgfmath.code.tex)
\pgffor@iter=\dimen151
\pgffor@skip=\dimen152
\pgffor@stack=\toks38
\pgffor@toks=\toks39
))
(/usr/local/texlive/2016/texmf-dist/tex/generic/pgf/frontendlayer/tikz/tikz.cod
e.tex
Package: tikz 2015/08/07 v3.0.1a (rcs-revision 1.151)

(/usr/local/texlive/2016/texmf-dist/tex/generic/pgf/libraries/pgflibraryplothan
dlers.code.tex
File: pgflibraryplothandlers.code.tex 2013/08/31 v3.0.1a (rcs-revision 1.20)
\pgf@plot@mark@count=\count111
\pgfplotmarksize=\dimen153
)
\tikz@lastx=\dimen154
\tikz@lasty=\dimen155
\tikz@lastxsaved=\dimen156
\tikz@lastysaved=\dimen157
\tikzleveldistance=\dimen158
\tikzsiblingdistance=\dimen159
\tikz@figbox=\box35
\tikz@figbox@bg=\box36
\tikz@tempbox=\box37
\tikz@tempbox@bg=\box38
\tikztreelevel=\count112
\tikznumberofchildren=\count113
\tikznumberofcurrentchild=\count114
\tikz@fig@count=\count115

(/usr/local/texlive/2016/texmf-dist/tex/generic/pgf/modules/pgfmodulematrix.cod
e.tex
File: pgfmodulematrix.code.tex 2013/09/17  (rcs-revision 1.8)
\pgfmatrixcurrentrow=\count116
\pgfmatrixcurrentcolumn=\count117
\pgf@matrix@numberofcolumns=\count118
)
\tikz@expandcount=\count119

(/usr/local/texlive/2016/texmf-dist/tex/generic/pgf/frontendlayer/tikz/librarie
s/tikzlibrarytopaths.code.tex
File: tikzlibrarytopaths.code.tex 2008/06/17 v3.0.1a (rcs-revision 1.2)
)))
(/usr/local/texlive/2016/texmf-dist/tex/generic/pgf/frontendlayer/tikz/librarie
s/tikzlibraryfit.code.tex
File: tikzlibraryfit.code.tex 2013/07/12 v3.0.1a (rcs-revision 1.5)
)
(/usr/local/texlive/2016/texmf-dist/tex/generic/pgf/frontendlayer/tikz/librarie
s/tikzlibrarypositioning.code.tex
File: tikzlibrarypositioning.code.tex 2008/10/06 v3.0.1a (rcs-revision 1.7)
)
(/usr/local/texlive/2016/texmf-dist/tex/generic/pgf/frontendlayer/tikz/librarie
s/tikzlibraryarrows.code.tex
File: tikzlibraryarrows.code.tex 2008/01/09 v3.0.1a (rcs-revision 1.1)

(/usr/local/texlive/2016/texmf-dist/tex/generic/pgf/libraries/pgflibraryarrows.
code.tex
File: pgflibraryarrows.code.tex 2013/09/23 v3.0.1a (rcs-revision 1.16)
\arrowsize=\dimen160
))
(/usr/local/texlive/2016/texmf-dist/tex/latex/algorithmicx/algpseudocode.sty
Package: algpseudocode 

(/usr/local/texlive/2016/texmf-dist/tex/latex/base/ifthen.sty
Package: ifthen 2014/09/29 v1.1c Standard LaTeX ifthen package (DPC)
)
(/usr/local/texlive/2016/texmf-dist/tex/latex/algorithmicx/algorithmicx.sty
Package: algorithmicx 2005/04/27 v1.2 Algorithmicx

Document Style algorithmicx 1.2 - a greatly improved `algorithmic' style
\c@ALG@line=\count120
\c@ALG@rem=\count121
\c@ALG@nested=\count122
\ALG@tlm=\skip49
\ALG@thistlm=\skip50
\c@ALG@Lnr=\count123
\c@ALG@blocknr=\count124
\c@ALG@storecount=\count125
\c@ALG@tmpcounter=\count126
\ALG@tmplength=\skip51
)
Document Style - pseudocode environments for use with the `algorithmicx' style
) (/usr/local/texlive/2016/texmf-dist/tex/latex/algorithmicx/algcompatible.sty
Package: algcompatible 

Document Style - algorithmic compatible environments for the `algorithmicx' sty
le
) (/usr/local/texlive/2016/texmf-dist/tex/latex/caption/caption.sty
Package: caption 2016/02/21 v3.3-144 Customizing captions (AR)

(/usr/local/texlive/2016/texmf-dist/tex/latex/caption/caption3.sty
Package: caption3 2016/02/04 v1.7-139 caption3 kernel (AR)
Package caption3 Info: TeX engine: e-TeX on input line 67.
\captionmargin=\dimen161
\captionmargin@=\dimen162
\captionwidth=\dimen163
\caption@tempdima=\dimen164
\caption@indent=\dimen165
\caption@parindent=\dimen166
\caption@hangindent=\dimen167
)
\c@ContinuedFloat=\count127
)
(/usr/local/texlive/2016/texmf-dist/tex/latex/natbib/natbib.sty
Package: natbib 2010/09/13 8.31b (PWD, AO)
\bibhang=\skip52
\bibsep=\skip53
LaTeX Info: Redefining \cite on input line 694.
\c@NAT@ctr=\count128
)
(/usr/local/texlive/2016/texmf-dist/tex/latex/url/url.sty
\Urlmuskip=\muskip11
Package: url 2013/09/16  ver 3.4  Verb mode for urls, etc.
)
(/usr/local/texlive/2016/texmf-dist/tex/latex/hyperref/hyperref.sty
Package: hyperref 2016/05/05 v6.83n Hypertext links for LaTeX

(/usr/local/texlive/2016/texmf-dist/tex/generic/oberdiek/hobsub-hyperref.sty
Package: hobsub-hyperref 2016/05/16 v1.14 Bundle oberdiek, subset hyperref (HO)


(/usr/local/texlive/2016/texmf-dist/tex/generic/oberdiek/hobsub-generic.sty
Package: hobsub-generic 2016/05/16 v1.14 Bundle oberdiek, subset generic (HO)
Package: hobsub 2016/05/16 v1.14 Construct package bundles (HO)
Package hobsub Info: Skipping package `infwarerr' (already loaded).
Package hobsub Info: Skipping package `ltxcmds' (already loaded).
Package: ifluatex 2016/05/16 v1.4 Provides the ifluatex switch (HO)
Package ifluatex Info: LuaTeX not detected.
Package: ifvtex 2016/05/16 v1.6 Detect VTeX and its facilities (HO)
Package ifvtex Info: VTeX not detected.
Package: intcalc 2016/05/16 v1.2 Expandable calculations with integers (HO)
Package: ifpdf 2016/05/14 v3.1 Provides the ifpdf switch
Package: etexcmds 2016/05/16 v1.6 Avoid name clashes with e-TeX commands (HO)
Package etexcmds Info: Could not find \expanded.
(etexcmds)             That can mean that you are not using pdfTeX 1.50 or
(etexcmds)             that some package has redefined \expanded.
(etexcmds)             In the latter case, load this package earlier.
Package: kvsetkeys 2016/05/16 v1.17 Key value parser (HO)
Package: kvdefinekeys 2016/05/16 v1.4 Define keys (HO)
Package: pdftexcmds 2016/05/10 v0.21 Utility functions of pdfTeX for LuaTeX (HO
)
Package pdftexcmds Info: LuaTeX not detected.
Package pdftexcmds Info: \pdf@primitive is available.
Package pdftexcmds Info: \pdf@ifprimitive is available.
Package pdftexcmds Info: \pdfdraftmode found.
Package: pdfescape 2016/05/16 v1.14 Implements pdfTeX's escape features (HO)
Package: bigintcalc 2016/05/16 v1.4 Expandable calculations on big integers (HO
)
Package: bitset 2016/05/16 v1.2 Handle bit-vector datatype (HO)
Package: uniquecounter 2016/05/16 v1.3 Provide unlimited unique counter (HO)
)
Package hobsub Info: Skipping package `hobsub' (already loaded).
Package: letltxmacro 2016/05/16 v1.5 Let assignment for LaTeX macros (HO)
Package: hopatch 2016/05/16 v1.3 Wrapper for package hooks (HO)
Package: xcolor-patch 2016/05/16 xcolor patch
Package: atveryend 2016/05/16 v1.9 Hooks at the very end of document (HO)
Package atveryend Info: \enddocument detected (standard20110627).
Package: atbegshi 2016/05/16 v1.17 At begin shipout hook (HO)
Package: refcount 2016/05/16 v3.5 Data extraction from label references (HO)
Package: hycolor 2016/05/16 v1.8 Color options for hyperref/bookmark (HO)
)
(/usr/local/texlive/2016/texmf-dist/tex/generic/ifxetex/ifxetex.sty
Package: ifxetex 2010/09/12 v0.6 Provides ifxetex conditional
)
(/usr/local/texlive/2016/texmf-dist/tex/latex/oberdiek/auxhook.sty
Package: auxhook 2016/05/16 v1.4 Hooks for auxiliary files (HO)
)
(/usr/local/texlive/2016/texmf-dist/tex/latex/oberdiek/kvoptions.sty
Package: kvoptions 2016/05/16 v3.12 Key value format for package options (HO)
)
\@linkdim=\dimen168
\Hy@linkcounter=\count129
\Hy@pagecounter=\count130

(/usr/local/texlive/2016/texmf-dist/tex/latex/hyperref/pd1enc.def
File: pd1enc.def 2016/05/05 v6.83n Hyperref: PDFDocEncoding definition (HO)
Now handling font encoding PD1 ...
... no UTF-8 mapping file for font encoding PD1
)
\Hy@SavedSpaceFactor=\count131

(/usr/local/texlive/2016/texmf-dist/tex/latex/latexconfig/hyperref.cfg
File: hyperref.cfg 2002/06/06 v1.2 hyperref configuration of TeXLive
)
Package hyperref Info: Option `unicode' set `true' on input line 4322.

(/usr/local/texlive/2016/texmf-dist/tex/latex/hyperref/puenc.def
File: puenc.def 2016/05/05 v6.83n Hyperref: PDF Unicode definition (HO)
Now handling font encoding PU ...
... no UTF-8 mapping file for font encoding PU
)
Package hyperref Info: Option `colorlinks' set `true' on input line 4322.
Package hyperref Info: Hyper figures OFF on input line 4446.
Package hyperref Info: Link nesting OFF on input line 4451.
Package hyperref Info: Hyper index ON on input line 4454.
Package hyperref Info: Plain pages OFF on input line 4461.
Package hyperref Info: Backreferencing OFF on input line 4466.
Package hyperref Info: Implicit mode ON; LaTeX internals redefined.
Package hyperref Info: Bookmarks ON on input line 4691.
\c@Hy@tempcnt=\count132
LaTeX Info: Redefining \url on input line 5044.
\XeTeXLinkMargin=\dimen169
\Fld@menulength=\count133
\Field@Width=\dimen170
\Fld@charsize=\dimen171
Package hyperref Info: Hyper figures OFF on input line 6298.
Package hyperref Info: Link nesting OFF on input line 6303.
Package hyperref Info: Hyper index ON on input line 6306.
Package hyperref Info: backreferencing OFF on input line 6313.
Package hyperref Info: Link coloring ON on input line 6316.
Package hyperref Info: Link coloring with OCG OFF on input line 6323.
Package hyperref Info: PDF/A mode OFF on input line 6328.
LaTeX Info: Redefining \ref on input line 6368.
LaTeX Info: Redefining \pageref on input line 6372.
\Hy@abspage=\count134
\c@Item=\count135
\c@Hfootnote=\count136
)

Package hyperref Message: Driver (autodetected): hpdftex.

(/usr/local/texlive/2016/texmf-dist/tex/latex/hyperref/hpdftex.def
File: hpdftex.def 2016/05/05 v6.83n Hyperref driver for pdfTeX
\Fld@listcount=\count137
\c@bookmark@seq@number=\count138

(/usr/local/texlive/2016/texmf-dist/tex/latex/oberdiek/rerunfilecheck.sty
Package: rerunfilecheck 2016/05/16 v1.8 Rerun checks for auxiliary files (HO)
Package uniquecounter Info: New unique counter `rerunfilecheck' on input line 2
82.
)
\Hy@SectionHShift=\skip54
)
(/usr/local/texlive/2016/texmf-dist/tex/latex/cleveref/cleveref.sty
Package: cleveref 2013/12/28 v0.19 Intelligent cross-referencing
Package cleveref Info: `hyperref' support loaded on input line 2230.
LaTeX Info: Redefining \cref on input line 2230.
LaTeX Info: Redefining \Cref on input line 2230.
LaTeX Info: Redefining \crefrange on input line 2230.
LaTeX Info: Redefining \Crefrange on input line 2230.
LaTeX Info: Redefining \cpageref on input line 2230.
LaTeX Info: Redefining \Cpageref on input line 2230.
LaTeX Info: Redefining \cpagerefrange on input line 2230.
LaTeX Info: Redefining \Cpagerefrange on input line 2230.
LaTeX Info: Redefining \labelcref on input line 2230.
LaTeX Info: Redefining \labelcpageref on input line 2230.
Package cleveref Info: `amsthm' support loaded on input line 2858.
Package cleveref Info: `algorithmicx' support loaded on input line 2939.
)
(/usr/local/texlive/2016/texmf-dist/tex/latex/listings/listings.sty
\lst@mode=\count139
\lst@gtempboxa=\box39
\lst@token=\toks40
\lst@length=\count140
\lst@currlwidth=\dimen172
\lst@column=\count141
\lst@pos=\count142
\lst@lostspace=\dimen173
\lst@width=\dimen174
\lst@newlines=\count143
\lst@lineno=\count144
\lst@maxwidth=\dimen175

(/usr/local/texlive/2016/texmf-dist/tex/latex/listings/lstmisc.sty
File: lstmisc.sty 2015/06/04 1.6 (Carsten Heinz)
\c@lstnumber=\count145
\lst@skipnumbers=\count146
\lst@framebox=\box40
)
(/usr/local/texlive/2016/texmf-dist/tex/latex/listings/listings.cfg
File: listings.cfg 2015/06/04 1.6 listings configuration
))
Package: listings 2015/06/04 1.6 (Carsten Heinz)
LaTeX Font Info:    Try loading font information for T1+txtt on input line 42.

(/usr/local/texlive/2016/texmf-dist/tex/latex/txfonts/t1txtt.fd
File: t1txtt.fd 2000/12/15 v3.1
)
(/usr/local/texlive/2016/texmf-dist/tex/latex/tools/enumerate.sty
Package: enumerate 2015/07/23 v3.00 enumerate extensions (DPC)
\@enLab=\toks41
)
(/usr/local/texlive/2016/texmf-dist/tex/latex/breakcites/breakcites.sty)
(/usr/local/texlive/2016/texmf-dist/tex/latex/units/nicefrac.sty
Package: nicefrac 1998/08/04 v0.9b Nice fractions
\L@UnitsRaiseDisplaystyle=\skip55
\L@UnitsRaiseTextstyle=\skip56
\L@UnitsRaiseScriptstyle=\skip57
)
(/usr/local/texlive/2016/texmf-dist/tex/latex/todonotes/todonotes.sty
Package: todonotes 2015/07/09 .dtx Todonotes source and documentation.
Package: todonotes 2012/07/25

(/usr/local/texlive/2016/texmf-dist/tex/latex/xkeyval/xkeyval.sty
Package: xkeyval 2014/12/03 v2.7a package option processing (HA)

(/usr/local/texlive/2016/texmf-dist/tex/generic/xkeyval/xkeyval.tex
(/usr/local/texlive/2016/texmf-dist/tex/generic/xkeyval/xkvutils.tex
\XKV@toks=\toks42
\XKV@tempa@toks=\toks43
)
\XKV@depth=\count147
File: xkeyval.tex 2014/12/03 v2.7a key=value parser (HA)
))
(/usr/local/texlive/2016/texmf-dist/tex/latex/tools/calc.sty
Package: calc 2014/10/28 v4.3 Infix arithmetic (KKT,FJ)
\calc@Acount=\count148
\calc@Bcount=\count149
\calc@Adimen=\dimen176
\calc@Bdimen=\dimen177
\calc@Askip=\skip58
\calc@Bskip=\skip59
LaTeX Info: Redefining \setlength on input line 80.
LaTeX Info: Redefining \addtolength on input line 81.
\calc@Ccount=\count150
\calc@Cskip=\skip60
)
\c@@todonotes@numberoftodonotes=\count151
)
(/usr/local/texlive/2016/texmf-dist/tex/latex/tcolorbox/tcolorbox.sty
Package: tcolorbox 2016/04/27 version 3.91 text color boxes

(/usr/local/texlive/2016/texmf-dist/tex/latex/tools/verbatim.sty
Package: verbatim 2014/10/28 v1.5q LaTeX2e package for verbatim enhancements
\every@verbatim=\toks44
\verbatim@line=\toks45
\verbatim@in@stream=\read2
)
(/usr/local/texlive/2016/texmf-dist/tex/latex/environ/environ.sty
Package: environ 2014/05/04 v0.3 A new way to define environments

(/usr/local/texlive/2016/texmf-dist/tex/latex/trimspaces/trimspaces.sty
Package: trimspaces 2009/09/17 v1.1 Trim spaces around a token list
))
(/usr/local/texlive/2016/texmf-dist/tex/latex/etoolbox/etoolbox.sty
Package: etoolbox 2015/08/02 v2.2a e-TeX tools for LaTeX (JAW)
\etb@tempcnta=\count152
)
\tcb@titlebox=\box41
\tcb@upperbox=\box42
\tcb@lowerbox=\box43
\tcb@phantombox=\box44
\c@tcbbreakpart=\count153
\c@tcblayer=\count154
\tcolorbox@number=\count155
\tcb@temp=\box45
\tcb@temp=\box46
\tcb@temp=\box47
\tcb@temp=\box48
\tcb@out=\write4
\tcb@record@out=\write5
)
\c@remark=\count156
\c@defi=\count157
\c@lem=\count158
\c@cor=\count159
\c@pro=\count160
\c@proposition=\count161
\c@fact=\count162
\c@hyp=\count163
\c@lemma=\count164
\c@prop=\count165
\c@theorem=\count166

(./main.aux (./TeX_files/introduction.aux)
(./TeX_files/Graphical_Lasso_for_Gaussian_mixtures.aux

LaTeX Warning: Label `em-sols' multiply defined.


LaTeX Warning: Label `em-sols@cref' multiply defined.

) (./TeX_files/Estimating_number_of_clusters.aux

LaTeX Warning: Label `algo:PEM' multiply defined.


LaTeX Warning: Label `algo:PEM@cref' multiply defined.


LaTeX Warning: Label `algo:PEM' multiply defined.


LaTeX Warning: Label `algo:PEM@cref' multiply defined.

) (./TeX_files/algorithm2.aux) (./TeX_files/lasso.aux)
(./TeX_files/chapter02.aux) (./TeX_files/weight_vector_estim_algo_analysis.aux)
)
\openout1 = `main.aux'.

LaTeX Font Info:    Checking defaults for OML/cmm/m/it on input line 167.
LaTeX Font Info:    ... okay on input line 167.
LaTeX Font Info:    Checking defaults for T1/cmr/m/n on input line 167.
LaTeX Font Info:    ... okay on input line 167.
LaTeX Font Info:    Checking defaults for OT1/cmr/m/n on input line 167.
LaTeX Font Info:    ... okay on input line 167.
LaTeX Font Info:    Checking defaults for OMS/cmsy/m/n on input line 167.
LaTeX Font Info:    ... okay on input line 167.
LaTeX Font Info:    Checking defaults for OMX/cmex/m/n on input line 167.
LaTeX Font Info:    ... okay on input line 167.
LaTeX Font Info:    Checking defaults for U/cmr/m/n on input line 167.
LaTeX Font Info:    ... okay on input line 167.
LaTeX Font Info:    Checking defaults for PD1/pdf/m/n on input line 167.
LaTeX Font Info:    ... okay on input line 167.
LaTeX Font Info:    Checking defaults for PU/pdf/m/n on input line 167.
LaTeX Font Info:    ... okay on input line 167.
 (/usr/local/texlive/2016/texmf-dist/tex/context/base/mkii/supp-pdf.mkii
[Loading MPS to PDF converter (version 2006.09.02).]
\scratchcounter=\count167
\scratchdimen=\dimen178
\scratchbox=\box49
\nofMPsegments=\count168
\nofMParguments=\count169
\everyMPshowfont=\toks46
\MPscratchCnt=\count170
\MPscratchDim=\dimen179
\MPnumerator=\count171
\makeMPintoPDFobject=\count172
\everyMPtoPDFconversion=\toks47
) ABD: EveryShipout initializing macros
(/usr/local/texlive/2016/texmf-dist/tex/latex/oberdiek/epstopdf-base.sty
Package: epstopdf-base 2016/05/15 v2.6 Base part for package epstopdf

(/usr/local/texlive/2016/texmf-dist/tex/latex/oberdiek/grfext.sty
Package: grfext 2016/05/16 v1.2 Manage graphics extensions (HO)
)
Package grfext Info: Graphics extension search list:
(grfext)             [.png,.pdf,.jpg,.mps,.jpeg,.jbig2,.jb2,.PNG,.PDF,.JPG,.JPE
G,.JBIG2,.JB2,.eps]
(grfext)             \AppendGraphicsExtensions on input line 456.

(/usr/local/texlive/2016/texmf-dist/tex/latex/latexconfig/epstopdf-sys.cfg
File: epstopdf-sys.cfg 2010/07/13 v1.3 Configuration of (r)epstopdf for TeX Liv
e
))
Package caption Info: Begin \AtBeginDocument code.
Package caption Info: hyperref package is loaded.
Package caption Info: listings package is loaded.
Package caption Info: End \AtBeginDocument code.
\AtBeginShipoutBox=\box50
Package hyperref Info: Link coloring ON on input line 167.

(/usr/local/texlive/2016/texmf-dist/tex/latex/hyperref/nameref.sty
Package: nameref 2012/10/27 v2.43 Cross-referencing by name of section

(/usr/local/texlive/2016/texmf-dist/tex/generic/oberdiek/gettitlestring.sty
Package: gettitlestring 2016/05/16 v1.5 Cleanup title references (HO)
)
\c@section@level=\count173
)
LaTeX Info: Redefining \ref on input line 167.
LaTeX Info: Redefining \pageref on input line 167.
LaTeX Info: Redefining \nameref on input line 167.

(./main.out) (./main.out)
\@outlinefile=\write6
\openout6 = `main.out'.

\c@lstlisting=\count174
LaTeX Font Info:    Try loading font information for U+msa on input line 175.

(/usr/local/texlive/2016/texmf-dist/tex/latex/amsfonts/umsa.fd
File: umsa.fd 2013/01/14 v3.01 AMS symbols A
)
LaTeX Font Info:    Try loading font information for U+msb on input line 175.

(/usr/local/texlive/2016/texmf-dist/tex/latex/amsfonts/umsb.fd
File: umsb.fd 2013/01/14 v3.01 AMS symbols B
) [1



{/usr/local/texlive/2016/texmf-var/fonts/map/pdftex/updmap/pdftex.map}] [2

] (./main.toc
[3])
\tf@toc=\write7
\openout7 = `main.toc'.

 [4] (./main.tdo)
\tf@tdo=\write8
\openout8 = `main.tdo'.

 [5

] [6

]
\openout2 = `./TeX_files/introduction.aux'.

 (./TeX_files/introduction.tex
Chapter 1.
[1


]

LaTeX Warning: `h' float specifier changed to `ht'.

[2]
Underfull \hbox (badness 10000) in paragraph at lines 118--118
[]\OT1/cmtt/m/n/10.95 1: Estimate $[] \OT1/cmr/m/n/10.95 = ([]\OML/cmm/m/it/10.
95 ; []; []\OT1/cmr/m/n/10.95 )$ \OT1/cmtt/m/n/10.95 by maximizing the
 []

[3]
Overfull \hbox (16.81642pt too wide) detected at line 140
[] [] [][][] \OT1/cmr/m/n/12 = [] [] []\OML/cmm/m/it/12 ^^\[] [] '[]\OT1/cmr/m/
n/12 ([][]) + \OML/cmm/m/it/12 ^^\[] []\OT1/cmr/m/n/12 (\OML/cmm/m/it/12 ^^Y[]=
^^\[]\OT1/cmr/m/n/12 )[]\OML/cmm/m/it/12 :
 []

pdfTeX warning (ext4): destination with the same identifier (name{ALG@line.1}) 
has been already used, duplicate ignored
<to be read again> 
                   \relax 
l.182 \end{minipage}}
                     pdfTeX warning (ext4): destination with the same identifie
r (name{ALG@line.2}) has been already used, duplicate ignored
<to be read again> 
                   \relax 
l.182 \end{minipage}}
                     pdfTeX warning (ext4): destination with the same identifie
r (name{ALG@line.3}) has been already used, duplicate ignored
<to be read again> 
                   \relax 
l.182 \end{minipage}}
                     pdfTeX warning (ext4): destination with the same identifie
r (name{ALG@line.4}) has been already used, duplicate ignored
<to be read again> 
                   \relax 
l.182 \end{minipage}}
                      [4]) [5] [6]
\openout2 = `./TeX_files/Graphical_Lasso_for_Gaussian_mixtures.aux'.


(./TeX_files/Graphical_Lasso_for_Gaussian_mixtures.tex
Chapter 2.

Overfull \hbox (29.10408pt too wide) in paragraph at lines 5--6
\OT1/cmr/m/n/12 The EM al-go-rithm ex-pe-ri-ences se-vere per-for-mance degra-d
a-tion in high-dimensional
 []


Overfull \hbox (5.98436pt too wide) in paragraph at lines 7--8
[]\OT1/cmr/m/n/12 We con-sider $[][]\OML/cmm/m/it/12 ; [][]; [] ; [][]$ \OT1/cm
r/m/n/12 a sam-ple of $\OML/cmm/m/it/12 n$ \OT1/cmr/m/n/12 points drawn from a 
$\OML/cmm/m/it/12 p$\OT1/cmr/m/n/12 -dimensional
 []


Underfull \vbox (badness 10000) has occurred while \output is active []

 [7



]
Overfull \hbox (47.22508pt too wide) in paragraph at lines 51--51
[] 
 []

[8]pdfTeX warning (ext4): destination with the same identifier (name{ALG@line.1
}) has been already used, duplicate ignored
<to be read again> 
                   \relax 
l.88 \end{minipage}}
                    pdfTeX warning (ext4): destination with the same identifier
 (name{ALG@line.2}) has been already used, duplicate ignored
<to be read again> 
                   \relax 
l.88 \end{minipage}}
                    pdfTeX warning (ext4): destination with the same identifier
 (name{ALG@line.3}) has been already used, duplicate ignored
<to be read again> 
                   \relax 
l.88 \end{minipage}}
                    pdfTeX warning (ext4): destination with the same identifier
 (name{ALG@line.4}) has been already used, duplicate ignored
<to be read again> 
                   \relax 
l.88 \end{minipage}}
                    pdfTeX warning (ext4): destination with the same identifier
 (name{ALG@line.5}) has been already used, duplicate ignored
<to be read again> 
                   \relax 
l.88 \end{minipage}}
                    pdfTeX warning (ext4): destination with the same identifier
 (name{ALG@line.6}) has been already used, duplicate ignored
<to be read again> 
                   \relax 
l.88 \end{minipage}}
                    pdfTeX warning (ext4): destination with the same identifier
 (name{ALG@line.7}) has been already used, duplicate ignored
<to be read again> 
                   \relax 
l.88 \end{minipage}}
                    pdfTeX warning (ext4): destination with the same identifier
 (name{ALG@line.8}) has been already used, duplicate ignored
<to be read again> 
                   \relax 
l.88 \end{minipage}}
                    pdfTeX warning (ext4): destination with the same identifier
 (name{ALG@line.9}) has been already used, duplicate ignored
<to be read again> 
                   \relax 
l.88 \end{minipage}}
                    ) [9] [10]
\openout2 = `./TeX_files/Estimating_number_of_clusters.aux'.

 (./TeX_files/Estimating_number_of_clusters.tex
Chapter 3.

Underfull \hbox (badness 10000) in paragraph at lines 18--19

 []

[11



]

LaTeX Font Warning: Command \large invalid in math mode on input line 41.


LaTeX Font Warning: Command \footnotesize invalid in math mode on input line 41
.


LaTeX Font Warning: Command \large invalid in math mode on input line 42.


LaTeX Font Warning: Command \footnotesize invalid in math mode on input line 42
.

LaTeX Font Info:    Calculating math sizes for size <> on input line 44.

LaTeX Font Warning: Font shape `OT1/cmr/m/n' in size <> not available
(Font)              size <5> substituted on input line 44.


LaTeX Font Warning: Font shape `OT1/cmr/m/n' in size <0.7> not available
(Font)              size <5> substituted on input line 44.


LaTeX Font Warning: Font shape `OT1/cmr/m/n' in size <0.5> not available
(Font)              size <5> substituted on input line 44.


LaTeX Font Warning: Font shape `OML/cmm/m/it' in size <> not available
(Font)              size <5> substituted on input line 44.


LaTeX Font Warning: Font shape `OML/cmm/m/it' in size <0.7> not available
(Font)              size <5> substituted on input line 44.


LaTeX Font Warning: Font shape `OML/cmm/m/it' in size <0.5> not available
(Font)              size <5> substituted on input line 44.


LaTeX Font Warning: Font shape `OMS/cmsy/m/n' in size <> not available
(Font)              size <5> substituted on input line 44.


LaTeX Font Warning: Font shape `OMS/cmsy/m/n' in size <0.7> not available
(Font)              size <5> substituted on input line 44.


LaTeX Font Warning: Font shape `OMS/cmsy/m/n' in size <0.5> not available
(Font)              size <5> substituted on input line 44.


LaTeX Font Warning: Font shape `OT1/cmr/bx/n' in size <> not available
(Font)              size <5> substituted on input line 44.


LaTeX Font Warning: Font shape `OT1/cmr/bx/n' in size <0.7> not available
(Font)              size <5> substituted on input line 44.


LaTeX Font Warning: Font shape `OT1/cmr/bx/n' in size <0.5> not available
(Font)              size <5> substituted on input line 44.

pdfTeX warning (ext4): destination with the same identifier (name{ALG@line.1}) 
has been already used, duplicate ignored
<to be read again> 
                   \relax 
l.89 \end{minipage}}
                    pdfTeX warning (ext4): destination with the same identifier
 (name{ALG@line.2}) has been already used, duplicate ignored
<to be read again> 
                   \relax 
l.89 \end{minipage}}
                    pdfTeX warning (ext4): destination with the same identifier
 (name{ALG@line.3}) has been already used, duplicate ignored
<to be read again> 
                   \relax 
l.89 \end{minipage}}
                    pdfTeX warning (ext4): destination with the same identifier
 (name{ALG@line.4}) has been already used, duplicate ignored
<to be read again> 
                   \relax 
l.89 \end{minipage}}
                    pdfTeX warning (ext4): destination with the same identifier
 (name{ALG@line.1}) has been already used, duplicate ignored
<to be read again> 
                   \relax 
l.119 \end{minipage}}
                     pdfTeX warning (ext4): destination with the same identifie
r (name{ALG@line.2}) has been already used, duplicate ignored
<to be read again> 
                   \relax 
l.119 \end{minipage}}
                     pdfTeX warning (ext4): destination with the same identifie
r (name{ALG@line.3}) has been already used, duplicate ignored
<to be read again> 
                   \relax 
l.119 \end{minipage}}
                     pdfTeX warning (ext4): destination with the same identifie
r (name{ALG@line.4}) has been already used, duplicate ignored
<to be read again> 
                   \relax 
l.119 \end{minipage}}
                     pdfTeX warning (ext4): destination with the same identifie
r (name{ALG@line.5}) has been already used, duplicate ignored
<to be read again> 
                   \relax 
l.119 \end{minipage}}
                     pdfTeX warning (ext4): destination with the same identifie
r (name{ALG@line.6}) has been already used, duplicate ignored
<to be read again> 
                   \relax 
l.119 \end{minipage}}
                     pdfTeX warning (ext4): destination with the same identifie
r (name{ALG@line.7}) has been already used, duplicate ignored
<to be read again> 
                   \relax 
l.119 \end{minipage}}
                     pdfTeX warning (ext4): destination with the same identifie
r (name{ALG@line.8}) has been already used, duplicate ignored
<to be read again> 
                   \relax 
l.119 \end{minipage}}
                     pdfTeX warning (ext4): destination with the same identifie
r (name{ALG@line.9}) has been already used, duplicate ignored
<to be read again> 
                   \relax 
l.119 \end{minipage}}
                     ) [12] [13] [14]
\openout2 = `./TeX_files/algorithm2.aux'.

 (./TeX_files/algorithm2.tex
Chapter 4.
pdfTeX warning (ext4): destination with the same identifier (name{ALG@line.1}) 
has been already used, duplicate ignored
<to be read again> 
                   \relax 
l.32 \end{minipage}}
                    pdfTeX warning (ext4): destination with the same identifier
 (name{ALG@line.2}) has been already used, duplicate ignored
<to be read again> 
                   \relax 
l.32 \end{minipage}}
                    pdfTeX warning (ext4): destination with the same identifier
 (name{ALG@line.3}) has been already used, duplicate ignored
<to be read again> 
                   \relax 
l.32 \end{minipage}}
                    pdfTeX warning (ext4): destination with the same identifier
 (name{ALG@line.4}) has been already used, duplicate ignored
<to be read again> 
                   \relax 
l.32 \end{minipage}}
                    pdfTeX warning (ext4): destination with the same identifier
 (name{ALG@line.5}) has been already used, duplicate ignored
<to be read again> 
                   \relax 
l.32 \end{minipage}}
                    pdfTeX warning (ext4): destination with the same identifier
 (name{ALG@line.6}) has been already used, duplicate ignored
<to be read again> 
                   \relax 
l.32 \end{minipage}}
                    
Overfull \hbox (16.25734pt too wide) in paragraph at lines 32--32
[] 
 []

pdfTeX warning (ext4): destination with the same identifier (name{ALG@line.7}) 
has been already used, duplicate ignored
<to be read again> 
                   \relax 
l.32 \end{minipage}}
                    pdfTeX warning (ext4): destination with the same identifier
 (name{ALG@line.8}) has been already used, duplicate ignored
<to be read again> 
                   \relax 
l.32 \end{minipage}}
                    pdfTeX warning (ext4): destination with the same identifier
 (name{ALG@line.9}) has been already used, duplicate ignored
<to be read again> 
                   \relax 
l.32 \end{minipage}}
                    ) [15



] [16]
\openout2 = `./TeX_files/lasso.aux'.

 (./TeX_files/lasso.tex
Chapter 5.

Package hyperref Warning: Token not allowed in a PDF string (Unicode):
(hyperref)                removing `math shift' on input line 3.


Package hyperref Warning: Token not allowed in a PDF string (Unicode):
(hyperref)                removing `\begingroup' on input line 3.


Package hyperref Warning: Token not allowed in a PDF string (Unicode):
(hyperref)                removing `\<let>-command' on input line 3.


Package hyperref Warning: Token not allowed in a PDF string (Unicode):
(hyperref)                removing `\@nomath' on input line 3.


Package hyperref Warning: Token not allowed in a PDF string (Unicode):
(hyperref)                removing `\begingroup' on input line 3.


Package hyperref Warning: Token not allowed in a PDF string (Unicode):
(hyperref)                removing `\setbox' on input line 3.


Package hyperref Warning: Token not allowed in a PDF string (Unicode):
(hyperref)                removing `\z@' on input line 3.


Package hyperref Warning: Token not allowed in a PDF string (Unicode):
(hyperref)                removing `\hbox' on input line 3.


Package hyperref Warning: Token not allowed in a PDF string (Unicode):
(hyperref)                removing `\thinmuskip' on input line 3.


Package hyperref Warning: Token not allowed in a PDF string (Unicode):
(hyperref)                removing `\medmuskip' on input line 3.


Package hyperref Warning: Token not allowed in a PDF string (Unicode):
(hyperref)                removing `\m@ne' on input line 3.


Package hyperref Warning: Token not allowed in a PDF string (Unicode):
(hyperref)                removing `\thickmuskip' on input line 3.


Package hyperref Warning: Token not allowed in a PDF string (Unicode):
(hyperref)                removing `\@ne' on input line 3.


Package hyperref Warning: Token not allowed in a PDF string (Unicode):
(hyperref)                removing `\setbox' on input line 3.


Package hyperref Warning: Token not allowed in a PDF string (Unicode):
(hyperref)                removing `\tw@' on input line 3.


Package hyperref Warning: Token not allowed in a PDF string (Unicode):
(hyperref)                removing `\hbox' on input line 3.


Package hyperref Warning: Token not allowed in a PDF string (Unicode):
(hyperref)                removing `math shift' on input line 3.


Package hyperref Warning: Token not allowed in a PDF string (Unicode):
(hyperref)                removing `\Sigma' on input line 3.


Package hyperref Warning: Token not allowed in a PDF string (Unicode):
(hyperref)                removing `\mathsurround' on input line 3.


Package hyperref Warning: Token not allowed in a PDF string (Unicode):
(hyperref)                removing `\z@' on input line 3.


Package hyperref Warning: Token not allowed in a PDF string (Unicode):
(hyperref)                removing `math shift' on input line 3.


Package hyperref Warning: Token not allowed in a PDF string (Unicode):
(hyperref)                removing `math shift' on input line 3.


Package hyperref Warning: Token not allowed in a PDF string (Unicode):
(hyperref)                removing `\Sigma' on input line 3.


Package hyperref Warning: Token not allowed in a PDF string (Unicode):
(hyperref)                removing `\mathsurround' on input line 3.


Package hyperref Warning: Token not allowed in a PDF string (Unicode):
(hyperref)                removing `\z@' on input line 3.


Package hyperref Warning: Token not allowed in a PDF string (Unicode):
(hyperref)                removing `math shift' on input line 3.


Package hyperref Warning: Token not allowed in a PDF string (Unicode):
(hyperref)                removing `\<def>-command' on input line 3.


Package hyperref Warning: Token not allowed in a PDF string (Unicode):
(hyperref)                removing `\@tempa' on input line 3.


Package hyperref Warning: Token not allowed in a PDF string (Unicode):
(hyperref)                removing `\mathchoice' on input line 3.


Package hyperref Warning: Token not allowed in a PDF string (Unicode):
(hyperref)                removing `\hbox' on input line 3.


Package hyperref Warning: Token not allowed in a PDF string (Unicode):
(hyperref)                removing `math shift' on input line 3.


Package hyperref Warning: Token not allowed in a PDF string (Unicode):
(hyperref)                removing `\mathsurround' on input line 3.


Package hyperref Warning: Token not allowed in a PDF string (Unicode):
(hyperref)                removing `\z@' on input line 3.


Package hyperref Warning: Token not allowed in a PDF string (Unicode):
(hyperref)                removing `\displaystyle' on input line 3.


Package hyperref Warning: Token not allowed in a PDF string (Unicode):
(hyperref)                removing `\Sigma' on input line 3.


Package hyperref Warning: Token not allowed in a PDF string (Unicode):
(hyperref)                removing `math shift' on input line 3.


Package hyperref Warning: Token not allowed in a PDF string (Unicode):
(hyperref)                removing `\hbox' on input line 3.


Package hyperref Warning: Token not allowed in a PDF string (Unicode):
(hyperref)                removing `math shift' on input line 3.


Package hyperref Warning: Token not allowed in a PDF string (Unicode):
(hyperref)                removing `\mathsurround' on input line 3.


Package hyperref Warning: Token not allowed in a PDF string (Unicode):
(hyperref)                removing `\z@' on input line 3.


Package hyperref Warning: Token not allowed in a PDF string (Unicode):
(hyperref)                removing `\textstyle' on input line 3.


Package hyperref Warning: Token not allowed in a PDF string (Unicode):
(hyperref)                removing `\Sigma' on input line 3.


Package hyperref Warning: Token not allowed in a PDF string (Unicode):
(hyperref)                removing `math shift' on input line 3.


Package hyperref Warning: Token not allowed in a PDF string (Unicode):
(hyperref)                removing `\hbox' on input line 3.


Package hyperref Warning: Token not allowed in a PDF string (Unicode):
(hyperref)                removing `math shift' on input line 3.


Package hyperref Warning: Token not allowed in a PDF string (Unicode):
(hyperref)                removing `\mathsurround' on input line 3.


Package hyperref Warning: Token not allowed in a PDF string (Unicode):
(hyperref)                removing `\z@' on input line 3.


Package hyperref Warning: Token not allowed in a PDF string (Unicode):
(hyperref)                removing `\scriptstyle' on input line 3.


Package hyperref Warning: Token not allowed in a PDF string (Unicode):
(hyperref)                removing `\Sigma' on input line 3.


Package hyperref Warning: Token not allowed in a PDF string (Unicode):
(hyperref)                removing `math shift' on input line 3.


Package hyperref Warning: Token not allowed in a PDF string (Unicode):
(hyperref)                removing `\hbox' on input line 3.


Package hyperref Warning: Token not allowed in a PDF string (Unicode):
(hyperref)                removing `math shift' on input line 3.


Package hyperref Warning: Token not allowed in a PDF string (Unicode):
(hyperref)                removing `\mathsurround' on input line 3.


Package hyperref Warning: Token not allowed in a PDF string (Unicode):
(hyperref)                removing `\z@' on input line 3.


Package hyperref Warning: Token not allowed in a PDF string (Unicode):
(hyperref)                removing `\scriptscriptstyle' on input line 3.


Package hyperref Warning: Token not allowed in a PDF string (Unicode):
(hyperref)                removing `\Sigma' on input line 3.


Package hyperref Warning: Token not allowed in a PDF string (Unicode):
(hyperref)                removing `math shift' on input line 3.


Package hyperref Warning: Token not allowed in a PDF string (Unicode):
(hyperref)                removing `\endgroup' on input line 3.


Package hyperref Warning: Token not allowed in a PDF string (Unicode):
(hyperref)                removing `math shift' on input line 3.

[17



] [18]) [19]
\openout2 = `./TeX_files/chapter02.aux'.

 (./TeX_files/chapter02.tex [20



]
Chapter 6.

Underfull \vbox (badness 10000) has occurred while \output is active []

 [21]
Overfull \hbox (31.68091pt too wide) detected at line 62
[][]\OT1/cmr/m/n/12 (\OML/cmm/m/it/12 f[]\OMS/cmsy/m/n/12 jj\OML/cmm/m/it/12 f[
]\OT1/cmr/m/n/12 ) = []
 []


Overfull \hbox (352.10127pt too wide) has occurred while \output is active
\OT1/cmr/m/n/12 22 \OT1/cmr/m/sl/12 CHAPTER 6.  OPTIMAL KULLBACK-LEIBLER AGGREG
ATION IN MIXTURE DENSITY ESTIMATION BY MAXIMUM LIKELIHOOD
 []

[22] [23]
Overfull \hbox (1.04451pt too wide) in paragraph at lines 115--117
\OT1/cmr/m/it/12 the max-i-mum like-li-hood es-ti-ma-tor over $\OMS/cmsy/m/n/12
 F$\OT1/cmr/m/it/12 , $[] \OMS/cmsy/m/n/12 2 [] [][] [][] [] \OML/cmm/m/it/12 f
\OT1/cmr/m/n/12 ([][])$\OT1/cmr/m/it/12 ,
 []


Overfull \hbox (352.10127pt too wide) has occurred while \output is active
\OT1/cmr/m/n/12 24 \OT1/cmr/m/sl/12 CHAPTER 6.  OPTIMAL KULLBACK-LEIBLER AGGREG
ATION IN MIXTURE DENSITY ESTIMATION BY MAXIMUM LIKELIHOOD
 []

[24]
Overfull \hbox (18.87155pt too wide) in paragraph at lines 151--155
\OT1/cmr/m/n/12 In what fol-lows, for any $\OML/cmm/m/it/12 i \OMS/cmsy/m/n/12 
2 \OT1/cmr/m/n/12 [\OML/cmm/m/it/12 n\OT1/cmr/m/n/12 ]$, we de-note by $[][]$ t
he vec-tor $[\OML/cmm/m/it/12 f[]\OT1/cmr/m/n/12 ([][])\OML/cmm/m/it/12 ; [] ; 
f[]\OT1/cmr/m/n/12 ([][])][]$
 []

[25]
Overfull \hbox (40.14644pt too wide) in paragraph at lines 184--188
\OT1/cmr/m/n/12 The gen-eral en-tries of these ma-tri-ces are re-spec-tively $(
[][])[] = []\OML/cmm/m/it/12 =[] [][] []\OT1/cmr/m/n/12 ([][])[]([][])$
 []


Overfull \hbox (352.10127pt too wide) has occurred while \output is active
\OT1/cmr/m/n/12 26 \OT1/cmr/m/sl/12 CHAPTER 6.  OPTIMAL KULLBACK-LEIBLER AGGREG
ATION IN MIXTURE DENSITY ESTIMATION BY MAXIMUM LIKELIHOOD
 []

[26]
Overfull \hbox (8.6533pt too wide) in paragraph at lines 236--236
[] 
 []


Overfull \hbox (8.28357pt too wide) has occurred while \output is active
\OT1/cmr/m/sl/12 6.3.  ORACLE INEQUALITIES IN DEVIATION AND IN EXPECTATION \OT1
/cmr/m/n/12 27
 []

[27]

LaTeX Font Warning: Command \normalsize invalid in math mode on input line 261.



Overfull \hbox (8.6533pt too wide) in paragraph at lines 287--287
[] 
 []


Overfull \hbox (352.10127pt too wide) has occurred while \output is active
\OT1/cmr/m/n/12 28 \OT1/cmr/m/sl/12 CHAPTER 6.  OPTIMAL KULLBACK-LEIBLER AGGREG
ATION IN MIXTURE DENSITY ESTIMATION BY MAXIMUM LIKELIHOOD
 []

[28]
Overfull \hbox (8.28357pt too wide) has occurred while \output is active
\OT1/cmr/m/sl/12 6.3.  ORACLE INEQUALITIES IN DEVIATION AND IN EXPECTATION \OT1
/cmr/m/n/12 29
 []

[29]

Package hyperref Warning: Token not allowed in a PDF string (Unicode):
(hyperref)                removing `math shift' on input line 373.


Package hyperref Warning: Token not allowed in a PDF string (Unicode):
(hyperref)                removing `math shift' on input line 373.


Overfull \hbox (352.10127pt too wide) has occurred while \output is active
\OT1/cmr/m/n/12 30 \OT1/cmr/m/sl/12 CHAPTER 6.  OPTIMAL KULLBACK-LEIBLER AGGREG
ATION IN MIXTURE DENSITY ESTIMATION BY MAXIMUM LIKELIHOOD
 []

[30]
Overfull \hbox (16.90878pt too wide) detected at line 400
[]\OMS/cmsy/m/n/12 H[]\OT1/cmr/m/n/12 (\OML/cmm/m/it/12 ^^M; D\OT1/cmr/m/n/12 )
 = []\OML/cmm/m/it/12 f[] \OT1/cmr/m/n/12 : [] \OMS/cmsy/m/n/12 2 \U/msb/m/n/12
 B[][]\OMS/cmsy/m/n/12 9 \OML/cmm/m/it/12 J \OMS/cmsy/m/n/12 ^^Z \OT1/cmr/m/n/1
2 [\OML/cmm/m/it/12 K\OT1/cmr/m/n/12 ][]\OMS/cmsy/m/n/12 k[][]k[] ^^T \OML/cmm/
m/it/12 ^^M[]\OMS/cmsy/m/n/12 j\OML/cmm/m/it/12 J\OMS/cmsy/m/n/12 j ^^T \OML/cm
m/m/it/12 D[]:
 []


Overfull \hbox (55.16257pt too wide) detected at line 432
[]\OMS/cmsy/m/n/12 R\OT1/cmr/m/n/12 (\OMS/cmsy/m/n/12 H[]\OT1/cmr/m/n/12 (\OML/
cmm/m/it/12 ^^M; D\OT1/cmr/m/n/12 )) \OMS/cmsy/m/n/12 ^^U \OML/cmm/m/it/12 A[][
][] [] []\OT1/cmr/m/n/12 1 + [][][][] + [][] [] [][] [] []1 + [][][][]\OML/cmm/
m/it/12 :
 []


Overfull \hbox (16.30708pt too wide) has occurred while \output is active
\OT1/cmr/m/sl/12 6.4.  DISCUSSION OF THE CONDITIONS AND POSSIBLE EXTENSIONS \OT
1/cmr/m/n/12 31
 []

[31]
Overfull \hbox (38.54265pt too wide) detected at line 460
[]\OML/cmm/m/it/12 ^^T[]\OT1/cmr/m/n/12 (\OML/cmm/m/it/12 s; c\OT1/cmr/m/n/12 )
 = [] []\OMS/cmsy/m/n/12 k[][][]k[] \OT1/cmr/m/n/12 :  \OMS/cmsy/m/n/12 9 \OML/
cmm/m/it/12 J \OMS/cmsy/m/n/12 ^^Z \OT1/cmr/m/n/12 [\OML/cmm/m/it/12 K\OT1/cmr/
m/n/12 ][]\OMS/cmsy/m/n/12 j\OML/cmm/m/it/12 J\OMS/cmsy/m/n/12 j ^^T \OML/cmm/m
/it/12 s;  \OMS/cmsy/m/n/12 k[][]k[] ^^T \OML/cmm/m/it/12 c\OMS/cmsy/m/n/12 k[]
[]k[] [] k[][]k[] \OT1/cmr/m/n/12 = 1[]\OML/cmm/m/it/12 :
 []


Overfull \hbox (352.10127pt too wide) has occurred while \output is active
\OT1/cmr/m/n/12 32 \OT1/cmr/m/sl/12 CHAPTER 6.  OPTIMAL KULLBACK-LEIBLER AGGREG
ATION IN MIXTURE DENSITY ESTIMATION BY MAXIMUM LIKELIHOOD
 []

[32]
Overfull \hbox (16.30708pt too wide) has occurred while \output is active
\OT1/cmr/m/sl/12 6.4.  DISCUSSION OF THE CONDITIONS AND POSSIBLE EXTENSIONS \OT
1/cmr/m/n/12 33
 []

[33]
Overfull \hbox (42.12462pt too wide) in paragraph at lines 545--545
[] 
 []


Overfull \hbox (352.10127pt too wide) has occurred while \output is active
\OT1/cmr/m/n/12 34 \OT1/cmr/m/sl/12 CHAPTER 6.  OPTIMAL KULLBACK-LEIBLER AGGREG
ATION IN MIXTURE DENSITY ESTIMATION BY MAXIMUM LIKELIHOOD
 []

[34]

Package hyperref Warning: Token not allowed in a PDF string (Unicode):
(hyperref)                removing `\new@ifnextchar' on input line 604.

[35]
Overfull \hbox (6.0722pt too wide) in paragraph at lines 698--698
[] 
 []


Overfull \hbox (352.10127pt too wide) has occurred while \output is active
\OT1/cmr/m/n/12 36 \OT1/cmr/m/sl/12 CHAPTER 6.  OPTIMAL KULLBACK-LEIBLER AGGREG
ATION IN MIXTURE DENSITY ESTIMATION BY MAXIMUM LIKELIHOOD
 []

[36]

Package hyperref Warning: Token not allowed in a PDF string (Unicode):
(hyperref)                removing `\new@ifnextchar' on input line 706.

[37]

Package hyperref Warning: Token not allowed in a PDF string (Unicode):
(hyperref)                removing `\new@ifnextchar' on input line 757.


Package hyperref Warning: Token not allowed in a PDF string (Unicode):
(hyperref)                removing `\new@ifnextchar' on input line 792.


Overfull \hbox (352.10127pt too wide) has occurred while \output is active
\OT1/cmr/m/n/12 38 \OT1/cmr/m/sl/12 CHAPTER 6.  OPTIMAL KULLBACK-LEIBLER AGGREG
ATION IN MIXTURE DENSITY ESTIMATION BY MAXIMUM LIKELIHOOD
 []

[38]
Overfull \hbox (31.06354pt too wide) in paragraph at lines 839--839
[] 
 []

[39]

Package hyperref Warning: Token not allowed in a PDF string (Unicode):
(hyperref)                removing `\new@ifnextchar' on input line 853.

Package epstopdf Info: Source file: <./TeX_files/ell_and_ellbar.eps>
(epstopdf)                    date: 2016-12-26 02:32:54
(epstopdf)                    size: 185223 bytes
(epstopdf)             Output file: <./TeX_files/ell_and_ellbar-eps-converted-t
o.pdf>
(epstopdf)                    date: 2016-12-26 22:32:53
(epstopdf)                    size: 27307 bytes
(epstopdf)             Command: <repstopdf --outfile=./TeX_files/ell_and_ellbar
-eps-converted-to.pdf ./TeX_files/ell_and_ellbar.eps>
(epstopdf)             \includegraphics on input line 858.
Package epstopdf Info: Output file is already uptodate.

<./TeX_files/ell_and_ellbar-eps-converted-to.pdf, id=837, 543.02875pt x 311.162
5pt>
File: ./TeX_files/ell_and_ellbar-eps-converted-to.pdf Graphic file (type pdf)
 <use ./TeX_files/ell_and_ellbar-eps-converted-to.pdf>
Package pdftex.def Info: ./TeX_files/ell_and_ellbar-eps-converted-to.pdf used o
n input line 858.
(pdftex.def)             Requested size: 312.00119pt x 178.78885pt.

Overfull \hbox (40.85797pt too wide) in paragraph at lines 894--894
[] 
 []


Underfull \vbox (badness 2050) has occurred while \output is active []


Overfull \hbox (352.10127pt too wide) has occurred while \output is active
\OT1/cmr/m/n/12 40 \OT1/cmr/m/sl/12 CHAPTER 6.  OPTIMAL KULLBACK-LEIBLER AGGREG
ATION IN MIXTURE DENSITY ESTIMATION BY MAXIMUM LIKELIHOOD
 []

[40 <./TeX_files/ell_and_ellbar-eps-converted-to.pdf>]
Overfull \hbox (32.3735pt too wide) in paragraph at lines 904--910
\OT1/cmr/m/n/12 fi-ca-tions. We first rewrite $\OML/cmm/m/it/12 ^^X[]$ \OT1/cmr
/m/n/12 as $\OML/cmm/m/it/12 ^^X[] \OT1/cmr/m/n/12 = [][] \OML/cmm/m/it/12 ^^X[
]$ \OT1/cmr/m/n/12 with $\OML/cmm/m/it/12 ^^X[] \OT1/cmr/m/n/12 = [][] \OMS/cms
y/m/n/12 j\OML/cmm/m/it/12 @[][]\OT1/cmr/m/n/12 ([])\OMS/cmsy/m/n/12 j$\OT1/cmr
/m/n/12 .
 []


Overfull \hbox (62.65039pt too wide) in paragraph at lines 904--910
\OT1/cmr/m/n/12 equal-ity can be ap-plied with an ad-di-tional fac-tor 2, since
 for $\OML/cmm/m/it/12 F[]\OT1/cmr/m/n/12 (\OT1/cmr/bx/n/12 X\OT1/cmr/m/n/12 ) 
= [][] \OMS/cmsy/m/n/12 j\OML/cmm/m/it/12 @[][]\OT1/cmr/m/n/12 ([])\OMS/cmsy/m/
n/12 j$\OT1/cmr/m/n/12 ,
 []


Overfull \hbox (31.70412pt too wide) in paragraph at lines 927--927
[] 
 []

[41]
Overfull \hbox (352.10127pt too wide) has occurred while \output is active
\OT1/cmr/m/n/12 42 \OT1/cmr/m/sl/12 CHAPTER 6.  OPTIMAL KULLBACK-LEIBLER AGGREG
ATION IN MIXTURE DENSITY ESTIMATION BY MAXIMUM LIKELIHOOD
 []

[42] [43]
LaTeX Font Info:    Try loading font information for U+euf on input line 1035.
 (/usr/local/texlive/2016/texmf-dist/tex/latex/amsfonts/ueuf.fd
File: ueuf.fd 2013/01/14 v3.01 Euler Fraktur
)
Overfull \hbox (352.10127pt too wide) has occurred while \output is active
\OT1/cmr/m/n/12 44 \OT1/cmr/m/sl/12 CHAPTER 6.  OPTIMAL KULLBACK-LEIBLER AGGREG
ATION IN MIXTURE DENSITY ESTIMATION BY MAXIMUM LIKELIHOOD
 []

[44]

Package hyperref Warning: Token not allowed in a PDF string (Unicode):
(hyperref)                removing `math shift' on input line 1102.


Package hyperref Warning: Token not allowed in a PDF string (Unicode):
(hyperref)                removing `math shift' on input line 1102.


Overfull \hbox (68.24176pt too wide) has occurred while \output is active
\OT1/cmr/m/sl/12 6.7.  PROOF OF THE LOWER BOUND FOR NEARLY-$\OML/cmm/m/it/12 D$
\OT1/cmr/m/sl/12 -SPARSE AGGREGATION \OT1/cmr/m/n/12 45
 []

[45]
Overfull \hbox (29.63597pt too wide) detected at line 1137
[][]
 []


Overfull \hbox (0.58551pt too wide) in paragraph at lines 1137--1142
\OML/cmm/m/it/12 K=D\OT1/cmr/m/n/12 )\OML/cmm/m/it/12 =n$ \OT1/cmr/m/n/12 while
 over $\OMS/cmsy/m/n/12 H[]\OT1/cmr/m/n/12 (\OML/cmm/m/it/12 ^^M; \OT1/cmr/m/n/
12 1)$, a lower bound of or-der $[][] [] []1 + \OML/cmm/m/it/12 K=\OT1/cmr/m/n/
12 (\OML/cmm/m/it/12 ^^M[]\OT1/cmr/m/n/12 )[][][]$
 []


Overfull \hbox (10.24951pt too wide) in paragraph at lines 1165--1167
[][]\OT1/cmr/bx/n/12 Lemma 6.7.2. []\OT1/cmr/m/it/12 If the dic-tio-nary $\OMS/
cmsy/m/n/12 F$ \OT1/cmr/m/it/12 sat-is-fies the bound-ed-ness as-sump-tion [],
 []


Overfull \hbox (352.10127pt too wide) has occurred while \output is active
\OT1/cmr/m/n/12 46 \OT1/cmr/m/sl/12 CHAPTER 6.  OPTIMAL KULLBACK-LEIBLER AGGREG
ATION IN MIXTURE DENSITY ESTIMATION BY MAXIMUM LIKELIHOOD
 []

[46]

Package hyperref Warning: Token not allowed in a PDF string (Unicode):
(hyperref)                removing `math shift' on input line 1194.


Package hyperref Warning: Token not allowed in a PDF string (Unicode):
(hyperref)                removing `subscript' on input line 1194.


Package hyperref Warning: Token not allowed in a PDF string (Unicode):
(hyperref)                removing `math shift' on input line 1194.


Overfull \hbox (3.67206pt too wide) in paragraph at lines 1196--1199
\OT1/cmr/m/n/12 We show here that the lower bound $[] \OMS/cmsy/m/n/12 ^ []\OT1
/cmr/m/n/12 ([]\OML/cmm/m/it/12 =[]\OT1/cmr/m/n/12 )[][][]$
 []


Overfull \hbox (30.79353pt too wide) detected at line 1211
[] [] [] \OT1/cmr/bx/n/12 P [][][]\OT1/cmr/m/n/12 (\OML/cmm/m/it/12 f\OMS/cmsy/
m/n/12 jj[]\OT1/cmr/m/n/12 ) \OMS/cmsy/m/n/12 ^^U \OML/cmm/m/it/12 C[] [] [] []
[][][][] \OMS/cmsy/m/n/12 ^^U \OT1/cmr/m/n/12 0\OML/cmm/m/it/12 :\OT1/cmr/m/n/1
2 17\OML/cmm/m/it/12 :
 []


Overfull \hbox (68.24176pt too wide) has occurred while \output is active
\OT1/cmr/m/sl/12 6.7.  PROOF OF THE LOWER BOUND FOR NEARLY-$\OML/cmm/m/it/12 D$
\OT1/cmr/m/sl/12 -SPARSE AGGREGATION \OT1/cmr/m/n/12 47
 []

[47]
Overfull \hbox (20.17595pt too wide) in paragraph at lines 1249--1253
\OT1/cmr/m/n/12 This shows that con-di-tion (i) of The-o-rem [][]6.7.1[][] is s
at-is-fied with $\OML/cmm/m/it/12 s \OT1/cmr/m/n/12 = \OML/cmm/m/it/12 C[] \OT1
/cmr/m/n/12 ([]\OML/cmm/m/it/12 =[]\OT1/cmr/m/n/12 ) [](1 +
 []


Overfull \hbox (25.60382pt too wide) in paragraph at lines 1298--1298
[] 
 []


Overfull \hbox (352.10127pt too wide) has occurred while \output is active
\OT1/cmr/m/n/12 48 \OT1/cmr/m/sl/12 CHAPTER 6.  OPTIMAL KULLBACK-LEIBLER AGGREG
ATION IN MIXTURE DENSITY ESTIMATION BY MAXIMUM LIKELIHOOD
 []

[48]

Package hyperref Warning: Token not allowed in a PDF string (Unicode):
(hyperref)                removing `math shift' on input line 1305.


Package hyperref Warning: Token not allowed in a PDF string (Unicode):
(hyperref)                removing `subscript' on input line 1305.


Package hyperref Warning: Token not allowed in a PDF string (Unicode):
(hyperref)                removing `\gamma' on input line 1305.


Package hyperref Warning: Token not allowed in a PDF string (Unicode):
(hyperref)                removing `math shift' on input line 1305.


Overfull \hbox (68.24176pt too wide) has occurred while \output is active
\OT1/cmr/m/sl/12 6.7.  PROOF OF THE LOWER BOUND FOR NEARLY-$\OML/cmm/m/it/12 D$
\OT1/cmr/m/sl/12 -SPARSE AGGREGATION \OT1/cmr/m/n/12 49
 []

[49]
Overfull \hbox (31.74545pt too wide) in paragraph at lines 1361--1361
[] 
 []


Overfull \hbox (352.10127pt too wide) has occurred while \output is active
\OT1/cmr/m/n/12 50 \OT1/cmr/m/sl/12 CHAPTER 6.  OPTIMAL KULLBACK-LEIBLER AGGREG
ATION IN MIXTURE DENSITY ESTIMATION BY MAXIMUM LIKELIHOOD
 []

[50]
Overfull \hbox (25.85562pt too wide) detected at line 1411
[]\OML/cmm/m/it/12 r\OT1/cmr/m/n/12 (\OML/cmm/m/it/12 n; K; ^^M; D\OT1/cmr/m/n/
12 ) = [][] [] []1 + [][][][] + [] [] [][][][]\OML/cmm/m/it/12 :
 []


Overfull \hbox (68.24176pt too wide) has occurred while \output is active
\OT1/cmr/m/sl/12 6.7.  PROOF OF THE LOWER BOUND FOR NEARLY-$\OML/cmm/m/it/12 D$
\OT1/cmr/m/sl/12 -SPARSE AGGREGATION \OT1/cmr/m/n/12 51
 []

[51]
Overfull \hbox (31.39372pt too wide) detected at line 1454
[] [] [] \OT1/cmr/bx/n/12 P [][][]\OT1/cmr/m/n/12 (\OML/cmm/m/it/12 f\OMS/cmsy/
m/n/12 jj[]\OT1/cmr/m/n/12 ) \OMS/cmsy/m/n/12 ^^U \OML/cmm/m/it/12 C[] [] [] []
[][][][] \OMS/cmsy/m/n/12 ^^U \OT1/cmr/m/n/12 0\OML/cmm/m/it/12 :\OT1/cmr/m/n/1
2 17\OML/cmm/m/it/12 :
 []


Overfull \hbox (53.22945pt too wide) in paragraph at lines 1459--1467
\OT1/cmr/m/n/12 Thus, we have proved that $[](1 + \OML/cmm/m/it/12 eK\OT1/cmr/m
/n/12 ) \OMS/cmsy/m/n/12 ^^T \OML/cmm/m/it/12 n$ \OT1/cmr/m/n/12 im-plies that 
$[][] [][] \OT1/cmr/bx/n/12 P [][][]\OT1/cmr/m/n/12 (\OML/cmm/m/it/12 f\OMS/cms
y/m/n/12 jj[]\OT1/cmr/m/n/12 ) \OMS/cmsy/m/n/12 ^^U
 []


Overfull \hbox (40.01755pt too wide) detected at line 1483
[]\OT1/cmr/bx/n/12 E[] [] [] [] \OML/cmm/m/it/12 Y[][] \OMS/cmsy/m/n/12 ^^T \OT
1/cmr/m/n/12 (\OML/cmm/m/it/12 b \OMS/cmsy/m/n/12 ^^@ \OML/cmm/m/it/12 a\OT1/cm
r/m/n/12 )[][][][]\OML/cmm/m/it/12 ;  \OT1/cmr/bx/n/12 E[] [] [][] [] \OML/cmm/
m/it/12 Y[][][] \OMS/cmsy/m/n/12 ^^T \OT1/cmr/m/n/12 (\OML/cmm/m/it/12 b \OMS/c
msy/m/n/12 ^^@ \OML/cmm/m/it/12 a\OT1/cmr/m/n/12 )[][][][]\OML/cmm/m/it/12 :
 []


Overfull \hbox (352.10127pt too wide) has occurred while \output is active
\OT1/cmr/m/n/12 52 \OT1/cmr/m/sl/12 CHAPTER 6.  OPTIMAL KULLBACK-LEIBLER AGGREG
ATION IN MIXTURE DENSITY ESTIMATION BY MAXIMUM LIKELIHOOD
 []

[52]
Overfull \hbox (68.24176pt too wide) has occurred while \output is active
\OT1/cmr/m/sl/12 6.7.  PROOF OF THE LOWER BOUND FOR NEARLY-$\OML/cmm/m/it/12 D$
\OT1/cmr/m/sl/12 -SPARSE AGGREGATION \OT1/cmr/m/n/12 53
 []

[53])
Overfull \hbox (352.10127pt too wide) has occurred while \output is active
\OT1/cmr/m/n/12 54 \OT1/cmr/m/sl/12 CHAPTER 6.  OPTIMAL KULLBACK-LEIBLER AGGREG
ATION IN MIXTURE DENSITY ESTIMATION BY MAXIMUM LIKELIHOOD
 []

[54]
\openout2 = `TeX_files/weight_vector_estim_algo_analysis.aux'.

 (./TeX_files/weight_vector_estim_algo_analysis.tex
Chapter 7.
[55



] (/usr/local/texlive/2016/texmf-dist/tex/latex/listings/lstlang1.sty
File: lstlang1.sty 2015/06/04 1.6 listings language file
)
Overfull \hbox (6.89923pt too wide) in paragraph at lines 33--34
[][][][][][][][][][][][][][][][][][][][][][][][] 
 []


Overfull \hbox (132.89899pt too wide) in paragraph at lines 39--40
[][][][][][][][][][][][][][][][][][][][][][][][][][][][][][][][][][][][][][][][
][][][][][][][][][][] 
 []


Overfull \hbox (101.39905pt too wide) in paragraph at lines 40--41
[][][][][][][][][][][][][][][][][][][][][][][][][][][][][][][][][][][][][][][][
][][][][][][] 
 []


Overfull \hbox (95.09906pt too wide) in paragraph at lines 42--43
[][][][][][][][][][][][][][][][][][][][][][][][][][][][][][][][][][][][][][][][
][] 
 []

[56]
Package hyperref Info: bookmark level for unknown todo defaults to 0 on input l
ine 57.
pdfTeX warning (ext4): destination with the same identifier (name{ALG@line.1}) 
has been already used, duplicate ignored
<to be read again> 
                   \relax 
l.117 }
       pdfTeX warning (ext4): destination with the same identifier (name{ALG@li
ne.2}) has been already used, duplicate ignored
<to be read again> 
                   \relax 
l.117 }
       pdfTeX warning (ext4): destination with the same identifier (name{ALG@li
ne.3}) has been already used, duplicate ignored
<to be read again> 
                   \relax 
l.117 }
       pdfTeX warning (ext4): destination with the same identifier (name{ALG@li
ne.4}) has been already used, duplicate ignored
<to be read again> 
                   \relax 
l.117 }
       pdfTeX warning (ext4): destination with the same identifier (name{ALG@li
ne.5}) has been already used, duplicate ignored
<to be read again> 
                   \relax 
l.117 }
       pdfTeX warning (ext4): destination with the same identifier (name{ALG@li
ne.6}) has been already used, duplicate ignored
<to be read again> 
                   \relax 
l.117 }
       pdfTeX warning (ext4): destination with the same identifier (name{ALG@li
ne.7}) has been already used, duplicate ignored
<to be read again> 
                   \relax 
l.117 }
       pdfTeX warning (ext4): destination with the same identifier (name{ALG@li
ne.8}) has been already used, duplicate ignored
<to be read again> 
                   \relax 
l.117 }
       

LaTeX Warning: `h' float specifier changed to `ht'.

[57])
Underfull \vbox (badness 10000) has occurred while \output is active []

 [58]
[59] [60


] (./main.bbl [61

] [62] [63]) [64]
Package atveryend Info: Empty hook `BeforeClearDocument' on input line 192.
Package atveryend Info: Empty hook `AfterLastShipout' on input line 192.
 (./main.aux
(./TeX_files/introduction.aux)
(./TeX_files/Graphical_Lasso_for_Gaussian_mixtures.aux)
(./TeX_files/Estimating_number_of_clusters.aux) (./TeX_files/algorithm2.aux)
(./TeX_files/lasso.aux) (./TeX_files/chapter02.aux)
(./TeX_files/weight_vector_estim_algo_analysis.aux))
Package atveryend Info: Executing hook `AtVeryEndDocument' on input line 192.
Package atveryend Info: Executing hook `AtEndAfterFileList' on input line 192.
Package rerunfilecheck Info: File `main.out' has not changed.
(rerunfilecheck)             Checksum: 41DF36E511DB6B3DE83680074F437CD6;8213.


LaTeX Font Warning: Size substitutions with differences
(Font)              up to 4.5pt have occurred.


LaTeX Warning: There were multiply-defined labels.

Package atveryend Info: Empty hook `AtVeryVeryEnd' on input line 192.
 ) 
Here is how much of TeX's memory you used:
 29199 strings out of 493014
 522397 string characters out of 6133351
 574886 words of memory out of 5000000
 31824 multiletter control sequences out of 15000+600000
 33614 words of font info for 127 fonts, out of 8000000 for 9000
 1141 hyphenation exceptions out of 8191
 55i,20n,79p,970b,1375s stack positions out of 5000i,500n,10000p,200000b,80000s
</usr/local/texlive/2016/texmf-dist/fonts/type1/public/amsfonts/cm/cmbsy10.pf
b></usr/local/texlive/2016/texmf-dist/fonts/type1/public/amsfonts/cmextra/cmbsy
8.pfb></usr/local/texlive/2016/texmf-dist/fonts/type1/public/amsfonts/cm/cmbx10
.pfb></usr/local/texlive/2016/texmf-dist/fonts/type1/public/amsfonts/cm/cmbx12.
pfb></usr/local/texlive/2016/texmf-dist/fonts/type1/public/amsfonts/cm/cmbx6.pf
b></usr/local/texlive/2016/texmf-dist/fonts/type1/public/amsfonts/cm/cmbx8.pfb>
</usr/local/texlive/2016/texmf-dist/fonts/type1/public/amsfonts/cm/cmex10.pfb><
/usr/local/texlive/2016/texmf-dist/fonts/type1/public/amsfonts/cmextra/cmex7.pf
b></usr/local/texlive/2016/texmf-dist/fonts/type1/public/amsfonts/cmextra/cmex8
.pfb></usr/local/texlive/2016/texmf-dist/fonts/type1/public/amsfonts/cm/cmmi10.
pfb></usr/local/texlive/2016/texmf-dist/fonts/type1/public/amsfonts/cm/cmmi12.p
fb></usr/local/texlive/2016/texmf-dist/fonts/type1/public/amsfonts/cm/cmmi6.pfb
></usr/local/texlive/2016/texmf-dist/fonts/type1/public/amsfonts/cm/cmmi7.pfb><
/usr/local/texlive/2016/texmf-dist/fonts/type1/public/amsfonts/cm/cmmi8.pfb></u
sr/local/texlive/2016/texmf-dist/fonts/type1/public/amsfonts/cm/cmmib10.pfb></u
sr/local/texlive/2016/texmf-dist/fonts/type1/public/amsfonts/cmextra/cmmib6.pfb
></usr/local/texlive/2016/texmf-dist/fonts/type1/public/amsfonts/cmextra/cmmib8
.pfb></usr/local/texlive/2016/texmf-dist/fonts/type1/public/amsfonts/cm/cmr10.p
fb></usr/local/texlive/2016/texmf-dist/fonts/type1/public/amsfonts/cm/cmr12.pfb
></usr/local/texlive/2016/texmf-dist/fonts/type1/public/amsfonts/cm/cmr17.pfb><
/usr/local/texlive/2016/texmf-dist/fonts/type1/public/amsfonts/cm/cmr5.pfb></us
r/local/texlive/2016/texmf-dist/fonts/type1/public/amsfonts/cm/cmr6.pfb></usr/l
ocal/texlive/2016/texmf-dist/fonts/type1/public/amsfonts/cm/cmr7.pfb></usr/loca
l/texlive/2016/texmf-dist/fonts/type1/public/amsfonts/cm/cmr8.pfb></usr/local/t
exlive/2016/texmf-dist/fonts/type1/public/amsfonts/cm/cmsl12.pfb></usr/local/te
xlive/2016/texmf-dist/fonts/type1/public/amsfonts/cm/cmsy10.pfb></usr/local/tex
live/2016/texmf-dist/fonts/type1/public/amsfonts/cm/cmsy6.pfb></usr/local/texli
ve/2016/texmf-dist/fonts/type1/public/amsfonts/cm/cmsy8.pfb></usr/local/texlive
/2016/texmf-dist/fonts/type1/public/amsfonts/cm/cmti12.pfb></usr/local/texlive/
2016/texmf-dist/fonts/type1/public/amsfonts/cm/cmtt10.pfb></usr/local/texlive/2
016/texmf-dist/fonts/type1/public/amsfonts/cm/cmtt12.pfb></usr/local/texlive/20
16/texmf-dist/fonts/type1/public/amsfonts/euler/eufm10.pfb></usr/local/texlive/
2016/texmf-dist/fonts/type1/public/amsfonts/symbols/msam10.pfb></usr/local/texl
ive/2016/texmf-dist/fonts/type1/public/amsfonts/symbols/msbm10.pfb>
Output written on main.pdf (70 pages, 626373 bytes).
PDF statistics:
 1415 PDF objects out of 1440 (max. 8388607)
 1275 compressed objects within 13 object streams
 439 named destinations out of 1000 (max. 500000)
 362 words of extra memory for PDF output out of 10000 (max. 10000000)

